
@----------------------------------------------------------@
|        PLINK!       |     v1.07      |   10/Aug/2009     |
|----------------------------------------------------------|
|  (C) 2009 Shaun Purcell, GNU General Public License, v2  |
|----------------------------------------------------------|
|  For documentation, citation & bug-report instructions:  |
|        http://pngu.mgh.harvard.edu/purcell/plink/        |
@----------------------------------------------------------@

Web-based version check ( --noweb to skip )
Recent cached web-check found... OK, v1.07 is current

+++ PLINK 1.9 is now available! See above website for details +++ 

Writing this text to log file [ plink.log ]
Analysis started: Fri Jun 10 00:08:42 2016

Options in effect:
	--file MS10S3063
	--maf 0.01
	--geno 0.25
	--make-bed

294 (of 294) markers to be included from [ MS10S3063.map ]
Warning, found 24 individuals with ambiguous sex codes
Writing list of these individuals to [ plink.nosex ]
24 individuals read from [ MS10S3063.ped ] 
0 individuals with nonmissing phenotypes
Assuming a disease phenotype (1=unaff, 2=aff, 0=miss)
Missing phenotype value is also -9
0 cases, 0 controls and 24 missing
0 males, 0 females, and 24 of unspecified sex
Before frequency and genotyping pruning, there are 294 SNPs
24 founders and 0 non-founders found
Total genotyping rate in remaining individuals is 0.986253
3 SNPs failed missingness test ( GENO > 0.25 )
193 SNPs failed frequency test ( MAF < 0.01 )
After frequency and genotyping pruning, there are 100 SNPs
After filtering, 0 cases, 0 controls and 24 missing
After filtering, 0 males, 0 females, and 24 of unspecified sex
Writing pedigree information to [ plink.fam ] 
Writing map (extended format) information to [ plink.bim ] 
Writing genotype bitfile to [ plink.bed ] 
Using (default) SNP-major mode

Analysis finished: Fri Jun 10 00:08:42 2016

