PLINK v1.90b3 64-bit (11 Jan 2015)
11 arguments: --allow-extra-chr --map Merging/C0_C1_C2.map --merge Cycle_3/Cycle_3_calls_ALCHEMY.ped Cycle_3/Cycle_3_calls_ALCHEMY.map --out Merging/C0_C1_C2_C3 --ped Merging/C0_C1_C2.ped --recode
Hostname: C02SR6DZHF1R
Working directory: /Users/tomkono/Dropbox/GitHub/Deleterious_GP/Data/Genotyping_Data/Alchemy_Calls
Start time: Mon Aug 28 16:27:08 2017

Random number seed: 1503955628
16384 MB RAM detected; reserving 8192 MB for main workspace.
Scanning .ped file... done.
Performing single-pass .bed write (364 variants, 3812 people).
--file: Merging/C0_C1_C2_C3-temporary.bed + Merging/C0_C1_C2_C3-temporary.bim +
Merging/C0_C1_C2_C3-temporary.fam written.
3812 people loaded from Merging/C0_C1_C2_C3-temporary.fam.
1439 people to be merged from (null).
Of these, 1439 are new, while 0 are present in the base dataset.
364 markers loaded from Merging/C0_C1_C2_C3-temporary.bim.
364 markers to be merged from Cycle_3/Cycle_3_calls_ALCHEMY.map.
Of these, 0 are new, while 364 are present in the base dataset.
Performing single-pass merge (5251 people, 364 variants).
Merged fileset written to Merging/C0_C1_C2_C3.bed + Merging/C0_C1_C2_C3.bim +
Merging/C0_C1_C2_C3.fam .
364 variants loaded from .bim file.
5251 people (0 males, 0 females, 5251 ambiguous) loaded from .fam.
Ambiguous sex IDs written to Merging/C0_C1_C2_C3.nosex .
Using 1 thread (no multithreaded calculations invoked).
Before main variant filters, 0 founders and 5251 nonfounders present.
Calculating allele frequencies... done.
Total genotyping rate is 0.972078.
364 variants and 5251 people pass filters and QC.
Note: No phenotypes present.
--recode to Merging/C0_C1_C2_C3.ped + Merging/C0_C1_C2_C3.map ... done.

End time: Mon Aug 28 16:27:08 2017
