PLINK v1.90b5 64-bit (14 Nov 2017)
Options in effect:
  --allow-extra-chr
  --bfile /Users/tomkono/Dropbox/Large_Project_Files/Genomic_Prediction/AlphaPeel_Imputed_Merged
  --freq
  --keep Cycle_2.list
  --nonfounders
  --out C2_MAF

Hostname: Thomass-MacBook-Pro.local
Working directory: /Users/tomkono/Dropbox/GitHub/Deleterious_GP/Results/Genotype_Freqs
Start time: Sun Jul  8 14:43:32 2018

Random number seed: 1531079012
8192 MB RAM detected; reserving 4096 MB for main workspace.
407285 variants loaded from .bim file.
3358 people (0 males, 0 females, 3358 ambiguous) loaded from .fam.
Ambiguous sex IDs written to C2_MAF.nosex .
--keep: 1296 people remaining.
Using 1 thread (no multithreaded calculations invoked).
Before main variant filters, 0 founders and 1296 nonfounders present.
Calculating allele frequencies... done.
--freq: Allele frequencies (all samples) written to C2_MAF.frq .

End time: Sun Jul  8 14:43:32 2018
