PLINK v1.90b5 64-bit (14 Nov 2017)
Options in effect:
  --allow-extra-chr
  --allow-no-sex
  --bfile ../Full_T3_Set/GP_AP
  --freqx
  --keep C3.list
  --nonfounders
  --out C3_Freq

Hostname: Thomass-iMac.local
Working directory: /Users/tomkono/Dropbox/Large_Project_Files/Genomic_Prediction/Cycle_Frequencies
Start time: Mon Aug 27 21:44:48 2018

Random number seed: 1535424288
16384 MB RAM detected; reserving 8192 MB for main workspace.
487441 variants loaded from .bim file.
5264 people (0 males, 0 females, 5264 ambiguous) loaded from .fam.
Ambiguous sex IDs written to C3_Freq.nosex .
--keep: 1439 people remaining.
Using 1 thread (no multithreaded calculations invoked).
Before main variant filters, 0 founders and 1439 nonfounders present.
Calculating allele frequencies... done.
--freqx: Allele frequencies (all samples) written to C3_Freq.frqx .

End time: Mon Aug 27 21:44:48 2018
