 --Read the following data:
	 24  individuals
	 83  markers
	 1  phenotypes
 --Cross type: f2 
null device 
          1 
 --Read the following data:
	 24  individuals
	 83  markers
	 1  phenotypes
 --Cross type: bcsft 
    BC(0)F(3) cross

    No. individuals:    24 

    No. phenotypes:     1 
    Percent phenotyped: 0 

    No. chromosomes:    7 
        Autosomes:      1H 2H 3H 4H 5H 6H 7H 

    Total markers:      83 
    No. markers:        10 9 6 11 16 17 14 
    Percent genotyped:  96.7 
    Genotypes (%):      AA:35.3  AB:42.1  BB:19.2  not BB:0.0  not AA:3.5 
null device 
          1 
[1] "12_11433"
 [1] "12_11498" "11_10526" "11_21377" "11_21338" "11_20690" "11_10065"
 [7] "12_10181" "12_30102" "11_20252" "12_10571" "12_30055" "12_31536"
[13] "11_20533" "12_30410" "11_20134" "12_30067" "11_20646" "12_30566"
[19] "11_11216" "11_10869" "12_31352" "11_21052" "12_30382" "11_21521"
[25] "11_21281" "11_10539" "11_10003" "12_30144" "11_11067" "11_20673"
[31] "12_30940" "11_11147"
$`12_30951`
[1] "11_10760"

$`11_21174`
[1] "12_30043"

$`11_20968`
[1] "12_30571"

$`11_10221`
[1] "11_20777"

$`12_30117`
[1] "11_20454"

$`11_21418`
[1] "12_30006"

$`11_10534`
[1] "12_30199"

$`11_10143`
[1] "11_21201"

$`12_30380`
[1] "11_10078"

$`12_31282`
[1] "11_21280"

$`11_10896`
[1] "12_30826"

null device 
          1 
null device 
          1 
