 --Read the following data:
	 24  individuals
	 56  markers
	 1  phenotypes
 --Cross type: f2 
null device 
          1 
 --Read the following data:
	 24  individuals
	 56  markers
	 1  phenotypes
 --Cross type: bcsft 
    BC(0)F(3) cross

    No. individuals:    24 

    No. phenotypes:     1 
    Percent phenotyped: 0 

    No. chromosomes:    6 
        Autosomes:      1H 2H 3H 4H 5H 6H 

    Total markers:      56 
    No. markers:        16 5 4 8 14 9 
    Percent genotyped:  98.2 
    Genotypes (%):      AA:33.3  AB:42.3  BB:24.1  not BB:0.3  not AA:0.0 
null device 
          1 
character(0)
 [1] "11_21174" "11_10526" "11_20810" "11_20220" "11_20021" "12_10905"
 [7] "12_30155" "11_21338" "12_30788" "11_20119" "11_10869" "11_10003"
[13] "12_31126"
$`11_20642`
[1] "12_30742"

$`11_10030`
[1] "11_21038"

$`12_30951`
[1] "11_10586"

$`11_21220`
[1] "11_10780"

$`12_31458`
[1] "11_20358"

$`11_21397`
[1] "11_10588"

$`11_10974`
[1] "11_11048"

$`11_20239`
[1] "11_20845" "11_20903"

$`11_10136`
[1] "11_10427"

null device 
          1 
null device 
          1 
