 --Read the following data:
	 24  individuals
	 112  markers
	 1  phenotypes
 --Cross type: f2 
null device 
          1 
 --Read the following data:
	 24  individuals
	 112  markers
	 1  phenotypes
 --Cross type: bcsft 
    BC(0)F(3) cross

    No. individuals:    24 

    No. phenotypes:     1 
    Percent phenotyped: 0 

    No. chromosomes:    8 
        Autosomes:      0 1H 2H 3H 4H 5H 6H 7H 

    Total markers:      112 
    No. markers:        1 17 27 6 11 20 9 21 
    Percent genotyped:  98.7 
    Genotypes (%):      AA:25.5  AB:44.2  BB:29.7  not BB:0.5  not AA:0.0 
null device 
          1 
character(0)
 [1] "12_31491" "12_31224" "11_10307" "12_10485" "11_20690" "11_20533"
 [7] "11_10974" "11_21426" "11_11048" "11_10688" "11_20845" "12_10554"
[13] "12_30940" "12_10959" "11_10454" "11_21223"
$`12_30948`
[1] "11_10030" "11_10586"

$`11_20712`
[1] "12_11498"

$`11_10760`
[1] "11_10075"

$`12_10636`
[1] "11_20810" "11_21217"

$`11_20642`
[1] "12_30742"

$`11_20864`
[1] "11_20528"

$`11_20734`
[1] "12_30178"

$`11_21265`
[1] "11_10398"

$`12_10447`
[1] "11_21250" "11_11380"

$`11_11086`
[1] "11_10926"

$`12_21376`
[1] "12_30921"

$`11_20894`
[1] "12_10079"

$`11_11290`
[1] "11_10578"

$`12_31350`
[1] "12_30528"

$`12_30199`
[1] "11_20349"

$`11_10143`
[1] "11_21201"

$`12_30164`
[1] "12_30368"

null device 
          1 
null device 
          1 
