 --Read the following data:
	 24  individuals
	 80  markers
	 1  phenotypes
 --Cross type: f2 
null device 
          1 
 --Read the following data:
	 24  individuals
	 80  markers
	 1  phenotypes
 --Cross type: bcsft 
    BC(0)F(3) cross

    No. individuals:    24 

    No. phenotypes:     1 
    Percent phenotyped: 0 

    No. chromosomes:    8 
        Autosomes:      0 1H 2H 3H 4H 5H 6H 7H 

    Total markers:      80 
    No. markers:        1 17 12 4 13 23 4 6 
    Percent genotyped:  99 
    Genotypes (%):      AA:25.2  AB:49.0  BB:25.4  not BB:0.0  not AA:0.4 
null device 
          1 
character(0)
 [1] "11_10722" "11_21220" "11_11513" "11_10309" "11_10523" "11_20119"
 [7] "11_21480" "11_11350" "11_20134" "12_30067" "11_20545" "11_20646"
[13] "11_21521" "12_10218" "11_21280"
$`11_20810`
[1] "11_10030" "11_21217"

$`11_10760`
[1] "11_10075"

$`11_20642`
[1] "12_30742"

$`11_10780`
[1] "11_10065"

$`12_10447`
[1] "11_21250" "11_11380"

$`12_30540`
[1] "11_20012" "11_10467"

$`12_31458`
[1] "11_20384"

$`11_10974`
[1] "11_21426" "11_11048"

$`11_20845`
[1] "11_20903" "11_20239"

$`11_20894`
[1] "12_10079"

$`11_11290`
[1] "11_10578"

$`12_31292`
[1] "12_10857"

$`12_30144`
[1] "11_11067"

$`12_31491`
[1] "11_10454" "11_21223" "11_10896" "12_30826"

null device 
          1 
null device 
          1 
