 --Read the following data:
	 24  individuals
	 109  markers
	 1  phenotypes
 --Cross type: f2 
null device 
          1 
 --Read the following data:
	 24  individuals
	 109  markers
	 1  phenotypes
 --Cross type: bcsft 
    BC(0)F(3) cross

    No. individuals:    24 

    No. phenotypes:     1 
    Percent phenotyped: 0 

    No. chromosomes:    7 
        Autosomes:      1H 2H 3H 4H 5H 6H 7H 

    Total markers:      109 
    No. markers:        18 15 2 16 25 22 11 
    Percent genotyped:  97.9 
    Genotypes (%):      AA:23.2  AB:50.1  BB:26.8  not BB:0.0  not AA:0.0 
null device 
          1 
character(0)
 [1] "11_20642" "12_30742" "12_30277" "11_20594" "11_20840" "11_20384"
 [7] "11_20119" "11_20454" "12_30759" "12_31375" "11_21521" "12_10554"
[13] "11_21246" "11_10676" "11_10427" "12_30361" "11_10129" "11_20936"
[19] "11_21281" "11_11349" "11_20889" "12_30940" "11_11147" "12_31285"
[25] "12_10218" "11_21491" "12_10959"
$`11_20810`
[1] "11_21217" "11_20220" "12_10905"

$`12_20489`
[1] "12_30155" "12_31095"

$`12_31224`
[1] "11_10307" "12_30604"

$`11_10525`
[1] "11_20182"

$`12_30755`
[1] "12_30540" "11_10467"

$`11_10974`
[1] "11_21426" "11_11048" "11_10688"

$`11_20239`
[1] "11_20903"

$`11_20894`
[1] "12_10079"

$`11_11290`
[1] "11_10578"

$`11_20134`
[1] "12_30067"

$`11_20226`
[1] "11_10600"

$`12_31292`
[1] "12_10857"

$`11_10040`
[1] "11_20972"

$`12_31450`
[1] "12_30496"

$`12_30380`
[1] "11_10078"

null device 
          1 
null device 
          1 
