 --Read the following data:
	 24  individuals
	 85  markers
	 1  phenotypes
 --Cross type: f2 
null device 
          1 
 --Read the following data:
	 24  individuals
	 85  markers
	 1  phenotypes
 --Cross type: bcsft 
    BC(0)F(3) cross

    No. individuals:    24 

    No. phenotypes:     1 
    Percent phenotyped: 0 

    No. chromosomes:    7 
        Autosomes:      1H 2H 3H 4H 5H 6H 7H 

    Total markers:      85 
    No. markers:        17 7 1 12 19 18 11 
    Percent genotyped:  97.9 
    Genotypes (%):      AA:28.0  AB:48.4  BB:23.2  not BB:0.0  not AA:0.5 
null device 
          1 
character(0)
 [1] "11_11484" "11_10326" "11_20226" "11_20134" "12_30759" "12_30566"
 [7] "11_10600" "11_21052" "11_21521" "11_10676" "11_20904" "11_11349"
[13] "11_20889" "11_11111" "11_21112" "12_30956" "12_31285" "11_20755"
[19] "11_11098" "11_10078"
$`12_30951`
[1] "11_10760" "11_10075"

$`12_10636`
[1] "11_20220" "12_10905"

$`12_30948`
[1] "11_10586"

$`12_30043`
[1] "12_31377" "11_11038"

$`11_20594`
[1] "12_30277" "11_20840"

$`12_30155`
[1] "12_31095"

$`11_10221`
[1] "11_20777"

$`12_31536`
[1] "11_10467"

$`11_21397`
[1] "11_20358"

$`11_20533`
[1] "11_21426"

$`11_20845`
[1] "11_20903" "11_20239"

$`11_11350`
[1] "11_21480"

$`11_11290`
[1] "11_10578"

$`11_10136`
[1] "11_10427"

$`12_30940`
[1] "11_11147"

$`12_31450`
[1] "12_30496"

null device 
          1 
null device 
          1 
