 --Read the following data:
	 24  individuals
	 76  markers
	 1  phenotypes
 --Cross type: f2 
null device 
          1 
 --Read the following data:
	 24  individuals
	 76  markers
	 1  phenotypes
 --Cross type: bcsft 
    BC(0)F(3) cross

    No. individuals:    24 

    No. phenotypes:     1 
    Percent phenotyped: 0 

    No. chromosomes:    7 
        Autosomes:      1H 2H 3H 4H 5H 6H 7H 

    Total markers:      76 
    No. markers:        7 10 3 17 15 16 8 
    Percent genotyped:  98.8 
    Genotypes (%):      AA:26.7  AB:51.1  BB:21.3  not BB:0.0  not AA:0.8 
null device 
          1 
character(0)
 [1] "11_20712" "12_11498" "11_10279" "12_31458" "11_10221" "11_20777"
 [7] "11_21397" "12_10860" "11_10467" "11_11004" "11_10724" "11_20765"
[13] "11_10588" "12_30117" "11_20119" "11_20454" "11_11290" "11_10578"
[19] "11_11490" "11_21521" "11_21281" "12_31285" "11_20755" "12_30530"
[25] "11_21491" "12_10959"
$`11_20864`
[1] "11_20528"

$`12_31313`
[1] "11_20114"

$`11_20845`
[1] "11_20903" "11_20239"

$`11_21480`
[1] "11_11350"

$`11_20134`
[1] "12_30067"

$`11_20545`
[1] "12_30566"

$`12_30940`
[1] "11_11147"

$`11_11111`
[1] "11_21112"

null device 
          1 
null device 
          1 
