 --Read the following data:
	 24  individuals
	 62  markers
	 1  phenotypes
 --Cross type: f2 
null device 
          1 
 --Read the following data:
	 24  individuals
	 62  markers
	 1  phenotypes
 --Cross type: bcsft 
    BC(0)F(3) cross

    No. individuals:    24 

    No. phenotypes:     1 
    Percent phenotyped: 0 

    No. chromosomes:    7 
        Autosomes:      1H 2H 3H 4H 5H 6H 7H 

    Total markers:      62 
    No. markers:        17 3 6 4 14 6 12 
    Percent genotyped:  98.9 
    Genotypes (%):      AA:25.6  AB:45.8  BB:28.6  not BB:0.0  not AA:0.0 
null device 
          1 
[1] "12_10554"
[1] "11_20864" "11_20528" "12_10181" "11_11516" "11_21418" "11_10669" "11_20714"
[8] "12_10959" "11_10534"
$`11_20712`
[1] "11_21048" "12_11498"

$`12_30951`
[1] "11_10760" "11_10075"

$`12_10636`
[1] "11_20021" "12_10905"

$`12_30948`
[1] "11_21038"

$`12_30767`
[1] "11_20605"

$`11_10974`
[1] "11_21426" "11_11048"

$`11_11290`
[1] "11_10578"

$`11_21480`
[1] "11_11350"

$`11_20134`
[1] "12_30067"

$`11_20192`
[1] "12_10605"

$`11_21223`
[1] "11_10896" "11_20170"

null device 
          1 
null device 
          1 
