 --Read the following data:
	 24  individuals
	 59  markers
	 1  phenotypes
 --Cross type: f2 
null device 
          1 
 --Read the following data:
	 24  individuals
	 59  markers
	 1  phenotypes
 --Cross type: bcsft 
    BC(0)F(3) cross

    No. individuals:    24 

    No. phenotypes:     1 
    Percent phenotyped: 0 

    No. chromosomes:    6 
        Autosomes:      1H 2H 4H 5H 6H 7H 

    Total markers:      59 
    No. markers:        15 13 5 11 11 4 
    Percent genotyped:  96 
    Genotypes (%):      AA:29.0  AB:47.3  BB:22.7  not BB:0.0  not AA:1.0 
null device 
          1 
[1] "11_21338"
 [1] "11_10460" "11_21174" "12_30043" "12_31377" "11_11038" "11_20864"
 [7] "11_21304" "11_21220" "12_10554" "11_10676" "11_10539" "11_20656"
[13] "11_11349" "11_20889" "12_30940" "11_11147"
$`11_11484`
[1] "11_10722"

$`12_20489`
[1] "12_31095"

$`11_10688`
[1] "12_30410"

$`12_31292`
[1] "11_21052" "12_10857"

null device 
          1 
null device 
          1 
