 --Read the following data:
	 24  individuals
	 64  markers
	 1  phenotypes
 --Cross type: f2 
null device 
          1 
 --Read the following data:
	 24  individuals
	 64  markers
	 1  phenotypes
 --Cross type: bcsft 
    BC(0)F(3) cross

    No. individuals:    24 

    No. phenotypes:     1 
    Percent phenotyped: 0 

    No. chromosomes:    6 
        Autosomes:      1H 2H 4H 5H 6H 7H 

    Total markers:      64 
    No. markers:        10 10 11 15 5 13 
    Percent genotyped:  97.6 
    Genotypes (%):      AA:24.5  AB:46.3  BB:26.6  not BB:1.5  not AA:1.1 
null device 
          1 
character(0)
 [1] "11_20657" "12_30277" "12_30155" "12_10485" "12_30178" "12_20489"
 [7] "12_31095" "11_11244" "11_10639" "11_20384" "11_20119" "11_20454"
[13] "11_21202" "11_10869" "12_30494" "12_30577" "11_21521" "12_30940"
[19] "12_31235" "11_10025" "12_11477" "11_21223"
$`11_20642`
[1] "12_30742"

$`12_10636`
[1] "11_20021"

$`11_10974`
[1] "11_21426" "11_11048"

$`11_11290`
[1] "11_10578"

$`11_20755`
[1] "12_30530"

null device 
          1 
null device 
          1 
