 --Read the following data:
	 24  individuals
	 75  markers
	 1  phenotypes
 --Cross type: f2 
null device 
          1 
 --Read the following data:
	 24  individuals
	 75  markers
	 1  phenotypes
 --Cross type: bcsft 
    BC(0)F(3) cross

    No. individuals:    24 

    No. phenotypes:     1 
    Percent phenotyped: 0 

    No. chromosomes:    7 
        Autosomes:      1H 2H 3H 4H 5H 6H 7H 

    Total markers:      75 
    No. markers:        17 9 6 10 17 12 4 
    Percent genotyped:  97.3 
    Genotypes (%):      AA:48.2  AB:31.9  BB:18.2  not BB:0.0  not AA:1.8 
null device 
          1 
character(0)
 [1] "11_10460" "11_21174" "11_10526" "11_20810" "11_20220" "11_20021"
 [7] "12_10905" "11_21338" "12_11272" "12_30900" "12_10181" "11_20252"
[13] "12_30788" "12_30055" "12_30540" "11_10793" "11_20119" "12_30067"
[19] "11_10869" "11_10600" "12_10857" "12_10554" "11_21281" "11_10003"
[25] "11_10239" "12_31126" "12_31450" "11_21448" "11_20092" "11_21223"
$`11_20642`
[1] "12_30742"

$`11_10030`
[1] "11_21038"

$`12_30951`
[1] "11_10586"

$`11_21220`
[1] "11_10780"

$`12_31458`
[1] "11_20358"

$`11_21397`
[1] "11_10588"

$`11_10974`
[1] "11_11048"

$`11_20239`
[1] "11_20845" "11_20903"

$`11_10136`
[1] "11_10427"

null device 
          1 
null device 
          1 
