 --Read the following data:
	 24  individuals
	 66  markers
	 1  phenotypes
 --Cross type: f2 
null device 
          1 
 --Read the following data:
	 24  individuals
	 66  markers
	 1  phenotypes
 --Cross type: bcsft 
    BC(0)F(3) cross

    No. individuals:    24 

    No. phenotypes:     1 
    Percent phenotyped: 0 

    No. chromosomes:    7 
        Autosomes:      1H 2H 3H 4H 5H 6H 7H 

    Total markers:      66 
    No. markers:        13 5 3 12 9 11 13 
    Percent genotyped:  98.4 
    Genotypes (%):      AA:28.2  AB:48.8  BB:22.3  not BB:0.7  not AA:0.0 
null device 
          1 
character(0)
 [1] "11_21220" "11_21397" "11_20358" "11_10588" "11_20119" "12_31308"
 [7] "12_30361" "11_21281" "12_30751" "11_20673" "12_30940" "11_11147"
[13] "11_10239" "12_11433" "11_10025" "12_10979" "12_11477" "11_10534"
[19] "12_30199" "11_10143" "11_21201" "12_31282" "11_10454"
$`11_21038`
[1] "12_30948"

$`12_10636`
[1] "11_20810" "11_21217"

$`11_20594`
[1] "11_20840"

$`11_21304`
[1] "11_10525" "11_20182"

$`11_20968`
[1] "12_30571"

$`12_30540`
[1] "12_30755" "11_10467"

$`11_11290`
[1] "11_10578"

$`11_11355`
[1] "12_30400"

null device 
          1 
null device 
          1 
