 --Read the following data:
	 24  individuals
	 125  markers
	 1  phenotypes
 --Cross type: f2 
null device 
          1 
 --Read the following data:
	 24  individuals
	 125  markers
	 1  phenotypes
 --Cross type: bcsft 
    BC(0)F(3) cross

    No. individuals:    24 

    No. phenotypes:     1 
    Percent phenotyped: 0 

    No. chromosomes:    7 
        Autosomes:      1H 2H 3H 4H 5H 6H 7H 

    Total markers:      125 
    No. markers:        18 21 14 15 25 15 17 
    Percent genotyped:  98.5 
    Genotypes (%):      AA:24.2  AB:47.2  BB:27.3  not BB:0.0  not AA:1.3 
null device 
          1 
character(0)
 [1] "11_10460" "12_30948" "11_10030" "11_21048" "11_10586" "11_10722"
 [7] "11_21338" "11_20690" "12_10650" "11_20521" "11_10253" "12_30055"
[13] "11_10793" "11_10309" "11_11004" "11_21202" "12_30410" "11_20903"
[19] "11_20239" "12_30759" "12_30494" "11_10669" "12_10554" "11_10676"
[25] "11_10003" "11_10270" "11_20714" "11_11349" "12_30940" "11_11147"
[31] "12_31450" "11_10025" "12_11477" "11_10534" "11_21223"
$`12_10636`
[1] "11_10744" "11_21217" "12_10905"

$`11_20220`
[1] "11_20021"

$`12_30277`
[1] "12_11496"

$`12_31224`
[1] "11_10307"

$`11_20864`
[1] "11_20528"

$`11_20590`
[1] "11_10551" "12_10447" "11_21250" "11_11380" "11_20293"

$`11_20742`
[1] "11_21272"

$`11_20605`
[1] "11_11516"

$`11_10208`
[1] "11_11405"

$`11_20533`
[1] "11_10974" "11_11048"

$`11_20134`
[1] "12_30067"

$`12_31094`
[1] "12_30929"

$`11_20686`
[1] "12_11450"

$`12_30144`
[1] "11_11067"

$`12_30530`
[1] "12_10218"

$`12_31282`
[1] "11_10454"

null device 
          1 
null device 
          1 
