 --Read the following data:
	 24  individuals
	 49  markers
	 1  phenotypes
 --Cross type: f2 
null device 
          1 
 --Read the following data:
	 24  individuals
	 49  markers
	 1  phenotypes
 --Cross type: bcsft 
    BC(0)F(3) cross

    No. individuals:    24 

    No. phenotypes:     1 
    Percent phenotyped: 0 

    No. chromosomes:    7 
        Autosomes:      1H 2H 3H 4H 5H 6H 7H 

    Total markers:      49 
    No. markers:        7 2 5 2 12 12 9 
    Percent genotyped:  98.7 
    Genotypes (%):      AA:39.3  AB:37.0  BB:21.8  not BB:0.0  not AA:2.0 
null device 
          1 
character(0)
 [1] "11_10526" "12_11496" "12_30155" "12_10181" "12_30055" "11_20119"
 [7] "11_10869" "12_10554" "12_31308" "11_21281" "12_30751" "11_20245"
$`11_21048`
[1] "12_10506"

$`12_30767`
[1] "11_20605"

$`11_10974`
[1] "11_21426" "11_11048" "11_10688" "12_30410" "11_20845"

$`12_10979`
[1] "11_21491"

null device 
          1 
null device 
          1 
