 --Read the following data:
	 24  individuals
	 83  markers
	 1  phenotypes
 --Cross type: f2 
null device 
          1 
 --Read the following data:
	 24  individuals
	 83  markers
	 1  phenotypes
 --Cross type: bcsft 
    BC(0)F(3) cross

    No. individuals:    24 

    No. phenotypes:     1 
    Percent phenotyped: 0 

    No. chromosomes:    7 
        Autosomes:      1H 2H 3H 4H 5H 6H 7H 

    Total markers:      83 
    No. markers:        8 15 5 12 15 20 8 
    Percent genotyped:  96.7 
    Genotypes (%):      AA:29.3  AB:51.2  BB:18.3  not BB:0.0  not AA:1.2 
null device 
          1 
[1] "11_20889" "12_11433"
 [1] "11_10526" "12_30155" "11_11040" "11_20864" "11_21338" "11_20690"
 [7] "11_20528" "12_10650" "12_31095" "11_21266" "12_30055" "12_31458"
[13] "11_20777" "11_10588" "11_20384" "12_30117" "11_20454" "11_11355"
[19] "12_30400" "11_10869" "11_21521" "12_10554" "11_10676" "12_31308"
[25] "11_20936" "11_21281" "11_10539" "12_30751" "11_11349" "12_30940"
[31] "11_11147" "12_31285" "11_20755" "12_30530" "11_21491"
$`12_10636`
[1] "11_20810" "11_21217"

$`11_21265`
[1] "11_10214" "11_10398"

$`12_31313`
[1] "11_20114"

$`11_10724`
[1] "11_20765"

$`11_21202`
[1] "12_30577" "12_31352"

$`11_10270`
[1] "11_10040"

$`11_11111`
[1] "11_21112" "12_30956"

null device 
          1 
null device 
          1 
