 --Read the following data:
	 24  individuals
	 106  markers
	 1  phenotypes
 --Cross type: f2 
null device 
          1 
 --Read the following data:
	 24  individuals
	 106  markers
	 1  phenotypes
 --Cross type: bcsft 
    BC(0)F(3) cross

    No. individuals:    24 

    No. phenotypes:     1 
    Percent phenotyped: 0 

    No. chromosomes:    7 
        Autosomes:      1H 2H 3H 4H 5H 6H 7H 

    Total markers:      106 
    No. markers:        18 19 6 11 20 19 13 
    Percent genotyped:  98.2 
    Genotypes (%):      AA:27.5  AB:47.0  BB:25.5  not BB:0.0  not AA:0.0 
null device 
          1 
character(0)
 [1] "11_21304" "12_11272" "11_20690" "12_30178" "12_10859" "11_10398"
 [7] "11_20422" "11_20777" "11_20134" "11_20415" "12_10554" "11_10129"
[13] "11_20936" "11_21281" "11_20889" "12_31235" "12_31126" "11_11014"
[19] "11_10169" "12_10241" "12_30164" "12_30368" "11_11243"
$`12_30951`
[1] "11_10760" "11_10075"

$`11_20712`
[1] "12_11498"

$`12_10636`
[1] "11_20810"

$`11_10030`
[1] "11_21038"

$`12_30043`
[1] "12_31377"

$`11_20594`
[1] "11_20840"

$`11_10326`
[1] "12_30604"

$`11_21250`
[1] "11_20293"

$`11_10724`
[1] "11_20765"

$`11_20384`
[1] "11_20454"

$`11_20226`
[1] "11_21202" "12_30577" "12_31352"

$`11_21480`
[1] "11_11350"

$`11_21521`
[1] "11_11479"

$`11_10994`
[1] "11_21069"

$`11_10676`
[1] "11_11349"

$`12_30940`
[1] "11_11147"

null device 
          1 
null device 
          1 
