 --Read the following data:
	 24  individuals
	 95  markers
	 1  phenotypes
 --Cross type: f2 
null device 
          1 
 --Read the following data:
	 24  individuals
	 95  markers
	 1  phenotypes
 --Cross type: bcsft 
    BC(0)F(3) cross

    No. individuals:    24 

    No. phenotypes:     1 
    Percent phenotyped: 0 

    No. chromosomes:    7 
        Autosomes:      1H 2H 3H 4H 5H 6H 7H 

    Total markers:      95 
    No. markers:        10 18 5 12 19 14 17 
    Percent genotyped:  98.8 
    Genotypes (%):      AA:26.4  AB:50.0  BB:23.7  not BB:0.0  not AA:0.0 
null device 
          1 
character(0)
 [1] "12_11498" "11_10552" "11_10279" "11_10722" "11_10326" "11_21265"
 [7] "12_31474" "12_30900" "11_10214" "11_21220" "11_10065" "12_30396"
[13] "11_20590" "11_21250" "11_20293" "11_21453" "11_20252" "11_21266"
[19] "11_10467" "11_10309" "11_11004" "11_10724" "11_20765" "11_20119"
[25] "11_20845" "12_30759" "12_31375" "11_10600" "11_10994" "11_21069"
[31] "11_20245" "12_31285" "11_21491" "12_11477" "11_10169"
$`11_20594`
[1] "11_20840"

$`11_11513`
[1] "11_10523"

$`11_10974`
[1] "11_21426" "11_11048"

$`11_20903`
[1] "11_20239"

$`11_21480`
[1] "11_11350"

$`11_11479`
[1] "11_21246"

$`11_10669`
[1] "11_10676" "11_11349"

null device 
          1 
null device 
          1 
