 --Read the following data:
	 24  individuals
	 80  markers
	 1  phenotypes
 --Cross type: f2 
null device 
          1 
 --Read the following data:
	 24  individuals
	 80  markers
	 1  phenotypes
 --Cross type: bcsft 
    BC(0)F(3) cross

    No. individuals:    24 

    No. phenotypes:     1 
    Percent phenotyped: 0 

    No. chromosomes:    7 
        Autosomes:      1H 2H 3H 4H 5H 6H 7H 

    Total markers:      80 
    No. markers:        16 8 3 13 11 15 14 
    Percent genotyped:  98.4 
    Genotypes (%):      AA:39.0  AB:40.2  BB:18.4  not BB:0.0  not AA:2.4 
null device 
          1 
character(0)
 [1] "11_20712" "11_20642" "11_10279" "11_20690" "12_10650" "12_10181"
 [7] "11_21397" "11_10588" "11_20384" "11_20119" "11_10869" "12_11450"
[13] "11_20415" "12_10554" "12_31308" "12_30361" "11_21281" "12_30751"
[19] "12_30144" "11_21069" "11_20673" "12_30940" "11_11147" "11_10239"
[25] "12_11433" "11_10025" "11_20192" "12_11477" "11_10534" "12_30199"
[31] "11_10143" "11_21201" "12_31282" "11_10454"
$`11_21038`
[1] "12_30948"

$`12_10636`
[1] "11_20810" "11_21217"

$`11_20594`
[1] "11_20840"

$`11_21304`
[1] "11_10525" "11_20182"

$`11_20968`
[1] "12_30571"

$`12_30540`
[1] "12_30755" "11_10467"

$`11_11290`
[1] "11_10578"

$`11_11355`
[1] "12_30400"

null device 
          1 
null device 
          1 
