 --Read the following data:
	 24  individuals
	 43  markers
	 1  phenotypes
 --Cross type: f2 
null device 
          1 
 --Read the following data:
	 24  individuals
	 43  markers
	 1  phenotypes
 --Cross type: bcsft 
    BC(0)F(3) cross

    No. individuals:    24 

    No. phenotypes:     1 
    Percent phenotyped: 0 

    No. chromosomes:    6 
        Autosomes:      1H 2H 3H 4H 5H 6H 

    Total markers:      43 
    No. markers:        3 7 1 9 10 13 
    Percent genotyped:  98 
    Genotypes (%):      AA:22.1  AB:43.5  BB:34.4  not BB:0.0  not AA:0.0 
null device 
          1 
character(0)
 [1] "11_10460" "11_20642" "12_30742" "11_20528" "11_11244" "12_30410"
 [7] "11_20903" "11_20239" "12_10857" "11_21521" "12_31308" "12_30751"
[13] "11_10003" "12_30144" "11_11067"
$`11_21265`
[1] "11_21370"

$`11_20422`
[1] "11_20777"

$`11_20384`
[1] "12_30117" "11_20454"

$`11_10974`
[1] "11_21426" "11_11048"

null device 
          1 
null device 
          1 
