 --Read the following data:
	 24  individuals
	 86  markers
	 1  phenotypes
 --Cross type: f2 
null device 
          1 
 --Read the following data:
	 24  individuals
	 86  markers
	 1  phenotypes
 --Cross type: bcsft 
    BC(0)F(3) cross

    No. individuals:    24 

    No. phenotypes:     1 
    Percent phenotyped: 0 

    No. chromosomes:    7 
        Autosomes:      1H 2H 3H 4H 5H 6H 7H 

    Total markers:      86 
    No. markers:        10 15 12 5 15 16 13 
    Percent genotyped:  98.1 
    Genotypes (%):      AA:35.9  AB:42.7  BB:21.3  not BB:0.0  not AA:0.1 
null device 
          1 
character(0)
 [1] "11_10760" "11_10075" "11_21338" "11_20690" "11_21220" "11_10780"
 [7] "11_10109" "11_11086" "12_30055" "11_20777" "11_11213" "11_20226"
[13] "11_20206" "11_20449" "12_30067" "12_10554" "11_11111" "11_20245"
[19] "12_31285" "11_21223"
$`11_20712`
[1] "12_11498"

$`12_30948`
[1] "11_10586"

$`12_31224`
[1] "11_10307"

$`11_21266`
[1] "12_10571"

$`11_20968`
[1] "12_30571"

$`12_10122`
[1] "12_11154"

$`12_30767`
[1] "11_20605"

$`11_20845`
[1] "11_20903" "11_20239"

$`11_11290`
[1] "11_10578"

$`11_21480`
[1] "11_11350"

$`12_31308`
[1] "12_30751"

$`11_10676`
[1] "11_20889"

$`12_30940`
[1] "11_11147"

$`12_30164`
[1] "12_30368"

null device 
          1 
null device 
          1 
