 --Read the following data:
	 24  individuals
	 64  markers
	 1  phenotypes
 --Cross type: f2 
null device 
          1 
 --Read the following data:
	 24  individuals
	 64  markers
	 1  phenotypes
 --Cross type: bcsft 
    BC(0)F(3) cross

    No. individuals:    24 

    No. phenotypes:     1 
    Percent phenotyped: 0 

    No. chromosomes:    7 
        Autosomes:      1H 2H 3H 4H 5H 6H 7H 

    Total markers:      64 
    No. markers:        9 7 6 10 13 6 13 
    Percent genotyped:  96.9 
    Genotypes (%):      AA:76.8  AB:10.8  BB:6.4  not BB:0.0  not AA:5.9 
null device 
          1 
[1] "12_10650"
 [1] "12_10636" "12_30948" "11_10030" "11_10526" "12_30043" "11_20810"
 [7] "11_21217" "11_11040" "11_20690" "11_20734" "12_30178" "12_31095"
[13] "11_20159" "11_20252" "12_10571" "12_11154" "12_30055" "12_30540"
[19] "11_21418" "11_20012" "12_30605" "11_11244" "11_10639" "12_30755"
[25] "11_20119" "11_21202" "11_11490" "12_31375" "11_20646" "12_30566"
[31] "11_10869" "12_30494" "12_31352" "12_31292" "11_21052" "12_10857"
[37] "11_21281" "11_20904" "12_30940" "11_21112" "12_31450" "11_10025"
[43] "11_20192" "12_30880" "12_10605" "12_11477" "11_10534" "11_20349"
[49] "12_30199" "11_10303" "11_10143" "11_21201" "11_20092"
$`11_21048`
[1] "12_10506"

$`11_20422`
[1] "11_20777"

null device 
          1 
null device 
          1 
