 --Read the following data:
	 24  individuals
	 84  markers
	 1  phenotypes
 --Cross type: f2 
null device 
          1 
 --Read the following data:
	 24  individuals
	 84  markers
	 1  phenotypes
 --Cross type: bcsft 
    BC(0)F(3) cross

    No. individuals:    24 

    No. phenotypes:     1 
    Percent phenotyped: 0 

    No. chromosomes:    7 
        Autosomes:      1H 2H 3H 4H 5H 6H 7H 

    Total markers:      84 
    No. markers:        6 20 7 13 19 4 15 
    Percent genotyped:  99.1 
    Genotypes (%):      AA:27.6  AB:48.6  BB:22.4  not BB:0.0  not AA:1.4 
null device 
          1 
character(0)
 [1] "11_10030" "11_11038" "11_11040" "11_21338" "12_30055" "11_10208"
 [7] "11_21418" "11_20777" "11_11405" "11_10974" "11_21426" "11_11048"
[13] "11_20845" "11_10869" "12_11450" "12_31450" "11_20755" "11_10025"
[19] "12_30530" "12_10218" "12_11477" "11_20092"
$`12_10636`
[1] "11_20810" "11_21217"

$`12_31224`
[1] "11_10307"

$`11_21265`
[1] "11_21370"

$`11_10780`
[1] "11_10109"

$`11_10551`
[1] "12_10447" "11_21250" "11_11380" "11_20293"

$`11_20521`
[1] "11_10253" "12_30223" "11_20944"

$`11_11290`
[1] "11_10578"

$`12_31352`
[1] "11_21052"

$`11_20192`
[1] "12_10605"

$`11_20349`
[1] "12_30199"

$`11_10896`
[1] "12_30826"

null device 
          1 
null device 
          1 
