 --Read the following data:
	 24  individuals
	 94  markers
	 1  phenotypes
 --Cross type: f2 
null device 
          1 
 --Read the following data:
	 24  individuals
	 94  markers
	 1  phenotypes
 --Cross type: bcsft 
    BC(0)F(3) cross

    No. individuals:    24 

    No. phenotypes:     1 
    Percent phenotyped: 0 

    No. chromosomes:    7 
        Autosomes:      1H 2H 3H 4H 5H 6H 7H 

    Total markers:      94 
    No. markers:        16 8 7 15 14 14 20 
    Percent genotyped:  97.4 
    Genotypes (%):      AA:26.5  AB:44.2  BB:29.3  not BB:0.0  not AA:0.0 
null device 
          1 
character(0)
 [1] "12_10485" "12_20489" "11_20252" "12_10571" "12_31458" "11_20422"
 [7] "11_20777" "11_20384" "12_30117" "11_20119" "11_20454" "12_10079"
[13] "11_10427" "12_30361" "11_20092"
$`12_30951`
[1] "11_10760" "11_10075"

$`12_10636`
[1] "11_21217" "11_21126" "11_20220" "11_20021"

$`11_10214`
[1] "11_20182"

$`12_30540`
[1] "12_30755"

$`11_10523`
[1] "11_11513"

$`12_11450`
[1] "12_30494"

$`12_31292`
[1] "12_10857"

$`11_10676`
[1] "11_11349" "11_11147"

$`12_30940`
[1] "12_31235"

$`11_20192`
[1] "12_10605"

$`12_11477`
[1] "11_20349" "12_30199"

$`11_10303`
[1] "11_10143" "11_21201"

$`11_10896`
[1] "12_30826"

null device 
          1 
null device 
          1 
