 --Read the following data:
	 24  individuals
	 96  markers
	 1  phenotypes
 --Cross type: f2 
null device 
          1 
 --Read the following data:
	 24  individuals
	 96  markers
	 1  phenotypes
 --Cross type: bcsft 
    BC(0)F(3) cross

    No. individuals:    24 

    No. phenotypes:     1 
    Percent phenotyped: 0 

    No. chromosomes:    7 
        Autosomes:      1H 2H 3H 4H 5H 6H 7H 

    Total markers:      96 
    No. markers:        19 7 3 21 20 13 13 
    Percent genotyped:  98.1 
    Genotypes (%):      AA:24.1  AB:46.5  BB:29.2  not BB:0.1  not AA:0.0 
null device 
          1 
[1] "11_20119"
 [1] "12_30951" "11_20712" "11_10744" "11_21048" "12_11498" "11_20810"
 [7] "11_21126" "11_20220" "11_20021" "12_10905" "11_21220" "11_10208"
[13] "11_21418" "11_11405" "12_30006" "11_20134" "12_30067"
$`11_10460`
[1] "11_21174" "12_30043" "12_31377"

$`11_20864`
[1] "11_20528"

$`11_20734`
[1] "12_30178"

$`11_20968`
[1] "12_30571"

$`12_30755`
[1] "11_10467"

$`12_30117`
[1] "11_20454"

$`12_30979`
[1] "11_11355"

$`11_11290`
[1] "11_10578"

$`11_20646`
[1] "11_11216" "11_20686" "12_11450"

$`11_10669`
[1] "11_10676" "11_20673" "11_11349"

$`12_31308`
[1] "12_30751"

$`11_20192`
[1] "12_30880" "12_10605"

$`11_21280`
[1] "11_10896" "12_30826"

null device 
          1 
null device 
          1 
