 --Read the following data:
	 24  individuals
	 46  markers
	 1  phenotypes
 --Cross type: f2 
null device 
          1 
 --Read the following data:
	 24  individuals
	 46  markers
	 1  phenotypes
 --Cross type: bcsft 
    BC(0)F(3) cross

    No. individuals:    24 

    No. phenotypes:     1 
    Percent phenotyped: 0 

    No. chromosomes:    7 
        Autosomes:      1H 2H 3H 4H 5H 6H 7H 

    Total markers:      46 
    No. markers:        7 7 3 7 7 6 9 
    Percent genotyped:  99.3 
    Genotypes (%):      AA:26.7  AB:49.2  BB:24.1  not BB:0.0  not AA:0.0 
null device 
          1 
character(0)
 [1] "11_10760" "12_30043" "11_10075" "11_11038" "11_21265" "11_20734"
 [7] "12_30178" "11_21370" "11_20252" "12_10571" "11_20422" "11_20777"
[13] "11_10869" "11_21052" "11_21521" "11_20904" "11_10534" "11_21201"
$`11_20415`
[1] "12_30361"

$`11_20192`
[1] "12_30880" "12_10605"

null device 
          1 
null device 
          1 
