 --Read the following data:
	 24  individuals
	 114  markers
	 1  phenotypes
 --Cross type: f2 
null device 
          1 
 --Read the following data:
	 24  individuals
	 114  markers
	 1  phenotypes
 --Cross type: bcsft 
    BC(0)F(3) cross

    No. individuals:    24 

    No. phenotypes:     1 
    Percent phenotyped: 0 

    No. chromosomes:    7 
        Autosomes:      1H 2H 3H 4H 5H 6H 7H 

    Total markers:      114 
    No. markers:        20 19 7 21 23 18 6 
    Percent genotyped:  99.2 
    Genotypes (%):      AA:24.4  AB:48.4  BB:26.8  not BB:0.0  not AA:0.4 
null device 
          1 
character(0)
 [1] "11_21048" "12_10506" "11_21220" "11_21397" "11_11513" "11_10309"
 [7] "11_20358" "11_10588" "12_30759" "11_20545" "12_31375" "11_20646"
[13] "11_11216" "11_20686" "12_11450" "12_31292" "12_10554" "11_11111"
[19] "12_30956"
$`11_20712`
[1] "12_11498" "11_10279"

$`11_10760`
[1] "11_10075"

$`12_10636`
[1] "11_20810"

$`11_10030`
[1] "11_21038"

$`12_30277`
[1] "12_11496"

$`12_31224`
[1] "11_10307"

$`11_10525`
[1] "12_20489" "11_20182" "12_31095"

$`11_20159`
[1] "12_10571"

$`11_10221`
[1] "11_20777"

$`12_30540`
[1] "12_30755" "11_10467"

$`12_31536`
[1] "11_10523"

$`11_20894`
[1] "12_10079"

$`11_11290`
[1] "11_10578"

$`11_21480`
[1] "11_11350"

$`11_20134`
[1] "12_30067"

$`11_10669`
[1] "11_10676"

$`11_10003`
[1] "12_30144"

$`11_20755`
[1] "12_30530" "12_10218"

$`11_10896`
[1] "12_30826"

null device 
          1 
null device 
          1 
