 --Read the following data:
	 24  individuals
	 111  markers
	 1  phenotypes
 --Cross type: f2 
null device 
          1 
 --Read the following data:
	 24  individuals
	 111  markers
	 1  phenotypes
 --Cross type: bcsft 
    BC(0)F(3) cross

    No. individuals:    24 

    No. phenotypes:     1 
    Percent phenotyped: 0 

    No. chromosomes:    8 
        Autosomes:      0 1H 2H 3H 4H 5H 6H 7H 

    Total markers:      111 
    No. markers:        1 17 27 6 11 20 8 21 
    Percent genotyped:  99.1 
    Genotypes (%):      AA:80.8  AB:13.3  BB:5.5  not BB:0.1  not AA:0.4 
null device 
          1 
character(0)
 [1] "12_31491" "12_10636" "11_10030" "11_20712" "11_21048" "12_11498"
 [7] "12_10506" "11_20810" "11_21217" "11_20642" "12_10960" "12_30742"
[13] "11_10279" "11_10722" "12_31224" "11_21377" "11_11040" "11_21265"
[19] "11_10307" "11_21304" "12_30604" "12_31474" "12_10485" "11_20690"
[25] "11_20734" "12_30178" "12_30900" "11_10214" "11_10398" "11_21220"
[31] "11_10065" "11_20590" "11_10551" "12_10447" "11_21250" "11_11380"
[37] "12_10181" "11_20293" "12_30102" "12_30571" "11_11086" "11_10926"
[43] "12_21376" "12_30921" "11_21418" "12_10860" "11_11114" "11_11244"
[49] "11_10588" "11_20119" "12_30006" "11_20894" "11_20226" "12_30979"
[55] "11_20845" "12_10079" "11_11355" "11_21480" "11_11290" "11_10578"
[61] "11_10705" "12_30400" "12_30759" "12_31375" "12_31292" "11_10401"
[67] "11_20415" "12_30361" "11_10129" "11_10270" "11_20714" "11_20355"
[73] "11_10239" "12_31350" "11_10025" "12_10218" "12_30528" "12_10959"
[79] "12_11477" "11_10534" "11_20349" "12_30199" "11_10303" "11_10143"
[85] "11_21201" "11_20092" "12_10241" "12_30164" "12_30368" "11_21229"
[91] "11_10078" "12_31282" "11_10454" "11_21223"
$`12_30948`
[1] "11_10760" "11_10075" "11_10586" "11_10974" "11_21426" "11_11048" "11_10688"

$`11_20864`
[1] "11_20528"

$`11_20777`
[1] "12_30988"

null device 
          1 
null device 
          1 
