 --Read the following data:
	 24  individuals
	 78  markers
	 1  phenotypes
 --Cross type: f2 
null device 
          1 
 --Read the following data:
	 24  individuals
	 78  markers
	 1  phenotypes
 --Cross type: bcsft 
    BC(0)F(3) cross

    No. individuals:    24 

    No. phenotypes:     1 
    Percent phenotyped: 0 

    No. chromosomes:    7 
        Autosomes:      1H 2H 3H 4H 5H 6H 7H 

    Total markers:      78 
    No. markers:        11 8 4 16 10 10 19 
    Percent genotyped:  98.8 
    Genotypes (%):      AA:22.7  AB:50.4  BB:27.0  not BB:0.0  not AA:0.0 
null device 
          1 
character(0)
 [1] "11_20712" "11_21048" "12_10485" "12_20489" "12_30900" "11_10214"
 [7] "11_10398" "11_20182" "12_31458" "11_21397" "11_20358" "11_10588"
[13] "11_20119" "12_31375" "11_10869" "12_31292" "11_21052" "12_10857"
[19] "11_10270" "12_31450" "12_30880"
$`12_10636`
[1] "11_21217" "12_10905"

$`11_10030`
[1] "11_21038"

$`11_20864`
[1] "11_20528"

$`12_30755`
[1] "11_10467"

$`11_11513`
[1] "11_10309" "11_10523"

$`11_20646`
[1] "11_11216"

$`12_31308`
[1] "11_10539" "12_30751" "11_10003"

$`11_21521`
[1] "11_11067"

$`11_20755`
[1] "12_30530"

$`12_10605`
[1] "11_20192"

$`12_31350`
[1] "12_30528"

$`11_20349`
[1] "12_30199" "11_10303" "11_10143" "11_21201"

null device 
          1 
null device 
          1 
