 --Read the following data:
	 24  individuals
	 77  markers
	 1  phenotypes
 --Cross type: f2 
null device 
          1 
 --Read the following data:
	 24  individuals
	 77  markers
	 1  phenotypes
 --Cross type: bcsft 
    BC(0)F(3) cross

    No. individuals:    24 

    No. phenotypes:     1 
    Percent phenotyped: 0 

    No. chromosomes:    7 
        Autosomes:      1H 2H 3H 4H 5H 6H 7H 

    Total markers:      77 
    No. markers:        2 18 6 14 14 14 9 
    Percent genotyped:  97.5 
    Genotypes (%):      AA:29.3  AB:47.0  BB:23.7  not BB:0.0  not AA:0.1 
null device 
          1 
[1] "12_11433"
 [1] "12_31224" "11_10307" "11_20864" "11_21304" "12_31474" "11_20690"
 [7] "12_20489" "12_31095" "11_10065" "11_20895" "11_21250" "12_10181"
[13] "11_20293" "11_21453" "12_30055" "11_10793" "11_20119" "11_10869"
[19] "11_10669" "11_10676" "12_31308" "11_21281" "12_30751" "11_10003"
[25] "12_30144" "11_11067" "11_20714" "12_10959" "12_10605" "11_20092"
$`12_10636`
[1] "12_10905"

$`11_10525`
[1] "11_20182"

$`11_20968`
[1] "12_30571"

$`11_10221`
[1] "11_20777"

$`12_31458`
[1] "11_21397"

$`11_10974`
[1] "11_21426" "11_11048" "11_10688"

$`11_20236`
[1] "11_11355"

$`11_10896`
[1] "11_21223" "12_30826"

null device 
          1 
null device 
          1 
