 --Read the following data:
	 24  individuals
	 71  markers
	 1  phenotypes
 --Cross type: f2 
null device 
          1 
 --Read the following data:
	 24  individuals
	 71  markers
	 1  phenotypes
 --Cross type: bcsft 
    BC(0)F(3) cross

    No. individuals:    24 

    No. phenotypes:     1 
    Percent phenotyped: 0 

    No. chromosomes:    7 
        Autosomes:      1H 2H 3H 4H 5H 6H 7H 

    Total markers:      71 
    No. markers:        4 17 7 8 10 7 18 
    Percent genotyped:  98.2 
    Genotypes (%):      AA:27.5  AB:46.8  BB:24.6  not BB:0.0  not AA:1.1 
null device 
          1 
character(0)
 [1] "12_30951" "11_10760" "11_10526" "11_10075" "11_21338" "12_30900"
 [7] "11_20944" "12_30055" "11_21418" "11_11114" "11_11004" "12_30117"
[13] "11_20119" "12_30976" "12_30635" "11_10869" "12_10554" "11_20755"
[19] "12_30530" "12_11477" "11_21201" "11_10169" "12_10241" "12_30164"
[25] "12_30368" "11_11243"
$`11_21265`
[1] "11_10398"

$`11_10780`
[1] "11_10109"

$`12_10447`
[1] "11_21250" "11_11380" "11_20293"

$`12_10122`
[1] "12_11154"

$`12_31094`
[1] "12_30929"

$`11_10040`
[1] "11_20972"

$`11_11111`
[1] "11_21112"

$`12_31282`
[1] "11_10454"

null device 
          1 
null device 
          1 
