 --Read the following data:
	 24  individuals
	 68  markers
	 1  phenotypes
 --Cross type: f2 
null device 
          1 
 --Read the following data:
	 24  individuals
	 68  markers
	 1  phenotypes
 --Cross type: bcsft 
    BC(0)F(3) cross

    No. individuals:    24 

    No. phenotypes:     1 
    Percent phenotyped: 0 

    No. chromosomes:    7 
        Autosomes:      1H 2H 3H 4H 5H 6H 7H 

    Total markers:      68 
    No. markers:        11 13 9 11 6 3 15 
    Percent genotyped:  97.5 
    Genotypes (%):      AA:34.7  AB:41.4  BB:20.9  not BB:0.0  not AA:3.0 
null device 
          1 
[1] "12_11433"
 [1] "11_11040" "11_21338" "11_10638" "11_20690" "12_10650" "11_20734"
 [7] "12_30178" "12_10859" "12_30636" "11_10109" "11_21250" "11_20159"
[13] "11_21272" "12_30055" "11_20114" "11_11114" "11_10869" "11_21455"
[19] "11_20092"
$`11_20220`
[1] "12_10905"

$`11_20521`
[1] "11_10253"

$`11_20384`
[1] "11_20454"

$`11_20755`
[1] "12_30530" "12_10218"

$`12_31350`
[1] "12_30528"

$`11_10303`
[1] "11_10143" "11_21201"

$`12_31282`
[1] "11_10454"

null device 
          1 
null device 
          1 
