 --Read the following data:
	 24  individuals
	 93  markers
	 1  phenotypes
 --Cross type: f2 
null device 
          1 
 --Read the following data:
	 24  individuals
	 93  markers
	 1  phenotypes
 --Cross type: bcsft 
    BC(0)F(3) cross

    No. individuals:    24 

    No. phenotypes:     1 
    Percent phenotyped: 0 

    No. chromosomes:    7 
        Autosomes:      1H 2H 3H 4H 5H 6H 7H 

    Total markers:      93 
    No. markers:        15 11 5 18 12 13 19 
    Percent genotyped:  97.9 
    Genotypes (%):      AA:33.3  AB:42.6  BB:22.8  not BB:0.0  not AA:1.3 
null device 
          1 
character(0)
 [1] "11_21174" "11_20712" "11_21048" "11_10526" "11_10279" "12_31377"
 [7] "11_21338" "12_10485" "11_20690" "12_20489" "12_30900" "11_10214"
[13] "11_10398" "11_20182" "12_30055" "12_31458" "11_21397" "12_10860"
[19] "11_20358" "11_10588" "11_20384" "11_20119" "12_30979" "12_31375"
[25] "11_10869" "12_31352" "12_31292" "11_21052" "12_10857" "11_10270"
[31] "11_20972" "11_21112" "12_30956" "12_31450" "12_30880"
$`12_10636`
[1] "11_21217" "12_10905"

$`11_10030`
[1] "11_21038"

$`11_20864`
[1] "11_20528"

$`12_30755`
[1] "11_10467"

$`11_11513`
[1] "11_10309" "11_10523"

$`11_20646`
[1] "11_11216"

$`12_31308`
[1] "11_10539" "12_30751" "11_10003"

$`11_21521`
[1] "11_11067"

$`11_20755`
[1] "12_30530"

$`12_10605`
[1] "11_20192"

$`12_31350`
[1] "12_30528"

$`11_20349`
[1] "12_30199" "11_10303" "11_10143" "11_21201"

null device 
          1 
null device 
          1 
