 --Read the following data:
	 24  individuals
	 117  markers
	 1  phenotypes
 --Cross type: f2 
null device 
          1 
 --Read the following data:
	 24  individuals
	 117  markers
	 1  phenotypes
 --Cross type: bcsft 
    BC(0)F(3) cross

    No. individuals:    24 

    No. phenotypes:     1 
    Percent phenotyped: 0 

    No. chromosomes:    7 
        Autosomes:      1H 2H 3H 4H 5H 6H 7H 

    Total markers:      117 
    No. markers:        20 23 5 20 14 19 16 
    Percent genotyped:  97 
    Genotypes (%):      AA:25.6  AB:47.4  BB:25.8  not BB:0.0  not AA:1.1 
null device 
          1 
character(0)
 [1] "11_20712" "11_21048" "12_11498" "12_10506" "11_10552" "11_10279"
 [7] "11_10326" "12_10485" "12_30178" "11_10780" "11_10109" "12_30396"
[13] "11_11355" "12_30400" "12_30759" "11_20646" "12_10554" "11_10270"
[19] "11_20889" "12_11477"
$`12_10636`
[1] "11_20810"

$`12_30948`
[1] "11_10586"

$`12_30277`
[1] "12_11496"

$`11_20864`
[1] "11_20528"

$`12_30155`
[1] "12_31095"

$`11_10551`
[1] "12_10447" "11_21250" "11_11380" "11_20293"

$`11_10208`
[1] "11_11405"

$`12_30540`
[1] "12_30755" "11_10467"

$`12_31458`
[1] "11_20358"

$`11_21397`
[1] "11_10588"

$`11_20894`
[1] "12_10079"

$`11_10669`
[1] "11_10676" "11_20714"

$`11_10003`
[1] "12_30144"

$`11_21112`
[1] "11_11111"

$`11_20755`
[1] "12_30530" "12_10218"

$`11_21223`
[1] "11_10896" "12_30826"

null device 
          1 
null device 
          1 
