 --Read the following data:
	 24  individuals
	 64  markers
	 1  phenotypes
 --Cross type: f2 
null device 
          1 
 --Read the following data:
	 24  individuals
	 64  markers
	 1  phenotypes
 --Cross type: bcsft 
    BC(0)F(3) cross

    No. individuals:    24 

    No. phenotypes:     1 
    Percent phenotyped: 0 

    No. chromosomes:    7 
        Autosomes:      1H 2H 3H 4H 5H 6H 7H 

    Total markers:      64 
    No. markers:        16 16 2 2 12 11 5 
    Percent genotyped:  97.1 
    Genotypes (%):      AA:32.5  AB:37.9  BB:25.8  not BB:0.0  not AA:3.8 
null device 
          1 
character(0)
 [1] "11_10526" "11_10279" "11_20864" "11_21338" "11_20690" "11_20528"
 [7] "11_20590" "11_10551" "12_10447" "11_21250" "11_11380" "11_20293"
[13] "11_21272" "12_30055" "11_10869" "11_20889" "12_10959"
$`12_30948`
[1] "11_10760"

$`11_20220`
[1] "11_20021"

$`11_10974`
[1] "11_21426" "11_11048"

$`11_20903`
[1] "11_20239"

$`12_31308`
[1] "12_30751"

$`11_10676`
[1] "11_11147"

$`12_31282`
[1] "11_10454"

null device 
          1 
null device 
          1 
