 --Read the following data:
	 24  individuals
	 100  markers
	 1  phenotypes
 --Cross type: f2 
null device 
          1 
 --Read the following data:
	 24  individuals
	 100  markers
	 1  phenotypes
 --Cross type: bcsft 
    BC(0)F(3) cross

    No. individuals:    24 

    No. phenotypes:     1 
    Percent phenotyped: 0 

    No. chromosomes:    7 
        Autosomes:      1H 2H 3H 4H 5H 6H 7H 

    Total markers:      100 
    No. markers:        11 21 7 8 17 12 24 
    Percent genotyped:  98.4 
    Genotypes (%):      AA:26.2  AB:47.6  BB:25.5  not BB:0.0  not AA:0.7 
null device 
          1 
character(0)
 [1] "11_21220" "11_10780" "11_10065" "11_20968" "11_20119" "12_10554"
 [7] "11_21281" "11_10539" "11_10003" "11_20656" "12_30144" "11_11067"
[13] "11_20904" "12_11433"
$`11_20712`
[1] "12_11498"

$`11_20220`
[1] "11_20021"

$`11_21217`
[1] "12_10905"

$`11_21265`
[1] "11_10214" "11_10398"

$`11_10638`
[1] "12_30636"

$`11_10326`
[1] "12_30396"

$`11_21250`
[1] "11_11380" "11_20293"

$`12_10122`
[1] "12_11154"

$`11_10221`
[1] "11_20777"

$`11_11004`
[1] "11_10588"

$`11_21480`
[1] "11_11350"

$`11_20686`
[1] "11_10600"

$`12_30577`
[1] "12_31352"

$`12_10979`
[1] "11_21491"

$`11_20192`
[1] "12_10605"

$`11_10025`
[1] "12_11477"

$`11_20349`
[1] "12_30199"

$`11_10143`
[1] "11_21201"

$`12_31282`
[1] "11_10454"

null device 
          1 
null device 
          1 
