 --Read the following data:
	 24  individuals
	 127  markers
	 1  phenotypes
 --Cross type: f2 
null device 
          1 
 --Read the following data:
	 24  individuals
	 127  markers
	 1  phenotypes
 --Cross type: bcsft 
    BC(0)F(3) cross

    No. individuals:    24 

    No. phenotypes:     1 
    Percent phenotyped: 0 

    No. chromosomes:    7 
        Autosomes:      1H 2H 3H 4H 5H 6H 7H 

    Total markers:      127 
    No. markers:        16 22 9 14 22 15 29 
    Percent genotyped:  96.9 
    Genotypes (%):      AA:47.9  AB:30.7  BB:18.7  not BB:0.0  not AA:2.7 
null device 
          1 
[1] "11_21377" "12_11433"
 [1] "12_11498" "11_11038" "11_11040" "11_20864" "11_21338" "11_20690"
 [7] "12_30178" "11_21220" "11_10780" "11_10109" "11_20590" "11_10551"
[13] "12_30788" "12_10122" "12_11154" "11_10631" "11_21266" "12_30055"
[19] "11_10208" "11_20422" "11_21418" "12_31313" "11_20114" "11_11405"
[25] "12_30605" "11_10724" "11_20765" "11_20358" "12_30117" "11_20206"
[31] "11_21202" "11_10974" "11_21426" "11_11048" "11_20449" "11_11350"
[37] "11_20134" "11_10705" "11_20646" "11_20686" "11_10600" "12_30577"
[43] "11_20415" "12_31308" "11_10129" "12_30751" "11_10239" "11_20245"
[49] "11_21491" "11_11014" "11_21448" "11_10169" "12_10241" "12_30164"
[55] "12_30368" "11_11243" "12_30380" "11_10078"
$`11_20810`
[1] "11_20220" "11_20021" "12_10905"

$`12_30277`
[1] "12_11496" "11_20594"

$`11_21265`
[1] "11_10214"

$`12_31292`
[1] "11_10401"

$`11_10427`
[1] "12_30361"

$`12_31350`
[1] "12_30528"

$`11_10534`
[1] "11_20349" "12_30199"

$`11_21223`
[1] "12_30826"

null device 
          1 
null device 
          1 
