 --Read the following data:
	 24  individuals
	 80  markers
	 1  phenotypes
 --Cross type: f2 
null device 
          1 
 --Read the following data:
	 24  individuals
	 80  markers
	 1  phenotypes
 --Cross type: bcsft 
    BC(0)F(3) cross

    No. individuals:    24 

    No. phenotypes:     1 
    Percent phenotyped: 0 

    No. chromosomes:    7 
        Autosomes:      1H 2H 3H 4H 5H 6H 7H 

    Total markers:      80 
    No. markers:        10 19 2 7 11 11 20 
    Percent genotyped:  97.3 
    Genotypes (%):      AA:65.3  AB:20.1  BB:12.0  not BB:0.0  not AA:2.6 
null device 
          1 
character(0)
 [1] "12_30948" "11_10030" "11_21048" "11_10526" "12_30043" "12_10506"
 [7] "12_10960" "11_11038" "11_11040" "11_21265" "11_20864" "11_20690"
[13] "11_20734" "12_30178" "12_31095" "11_21220" "12_30636" "12_10181"
[19] "12_30055" "11_21418" "11_10793" "12_30605" "11_21202" "12_30494"
[25] "12_31352" "11_21521" "11_20904" "11_10239" "12_31450" "11_20755"
[31] "11_10025" "12_30530" "11_20192" "12_10218" "12_30880" "12_10605"
[37] "12_11477" "11_10534" "11_20349" "12_30199" "11_10303" "11_10143"
[43] "11_21201" "11_21448" "11_20092" "11_21223"
$`11_20422`
[1] "11_20777"

$`11_21426`
[1] "11_11048"

$`11_20903`
[1] "11_20239"

$`11_20415`
[1] "12_30361"

$`12_31308`
[1] "12_30144"

null device 
          1 
null device 
          1 
