 --Read the following data:
	 24  individuals
	 121  markers
	 1  phenotypes
 --Cross type: f2 
null device 
          1 
 --Read the following data:
	 24  individuals
	 121  markers
	 1  phenotypes
 --Cross type: bcsft 
    BC(0)F(3) cross

    No. individuals:    24 

    No. phenotypes:     1 
    Percent phenotyped: 0 

    No. chromosomes:    7 
        Autosomes:      1H 2H 3H 4H 5H 6H 7H 

    Total markers:      121 
    No. markers:        18 20 13 14 25 15 16 
    Percent genotyped:  97.8 
    Genotypes (%):      AA:22.1  AB:49.1  BB:28.4  not BB:0.4  not AA:0.0 
null device 
          1 
[1] "12_10650"
 [1] "11_10460" "12_30948" "11_10030" "11_21048" "11_10586" "11_10722"
 [7] "11_20690" "11_21220" "11_20521" "11_10253" "11_10309" "11_11004"
[13] "11_21202" "12_30410" "11_20903" "11_20239" "12_30759" "12_30494"
[19] "11_10669" "12_10554" "11_10676" "11_10003" "11_10270" "11_20714"
[25] "11_11349" "12_30940" "11_11147" "12_31450" "11_10025" "12_11477"
[31] "11_10534"
$`12_10636`
[1] "11_10744" "11_21217" "12_10905"

$`11_20220`
[1] "11_20021"

$`12_30277`
[1] "12_11496"

$`12_31224`
[1] "11_10307"

$`11_20864`
[1] "11_20528"

$`11_20590`
[1] "11_10551" "12_10447" "11_21250" "11_11380" "11_20293"

$`11_20742`
[1] "11_21272"

$`11_20605`
[1] "11_11516"

$`11_10208`
[1] "11_11405"

$`11_20533`
[1] "11_10974" "11_11048"

$`11_20134`
[1] "12_30067"

$`12_31094`
[1] "12_30929"

$`11_20686`
[1] "12_11450"

$`12_30144`
[1] "11_11067"

$`12_30530`
[1] "12_10218"

$`12_31282`
[1] "11_10454"

null device 
          1 
null device 
          1 
