 --Read the following data:
	 24  individuals
	 98  markers
	 1  phenotypes
 --Cross type: f2 
null device 
          1 
 --Read the following data:
	 24  individuals
	 98  markers
	 1  phenotypes
 --Cross type: bcsft 
    BC(0)F(3) cross

    No. individuals:    24 

    No. phenotypes:     1 
    Percent phenotyped: 0 

    No. chromosomes:    7 
        Autosomes:      1H 2H 3H 4H 5H 6H 7H 

    Total markers:      98 
    No. markers:        12 19 9 10 20 18 10 
    Percent genotyped:  96.6 
    Genotypes (%):      AA:28.6  AB:50.0  BB:21.3  not BB:0.0  not AA:0.0 
null device 
          1 
[1] "11_20889" "12_11433"
 [1] "11_10030" "11_20810" "11_21217" "12_10905" "12_31224" "11_11040"
 [7] "11_10307" "11_20864" "12_30604" "11_20690" "11_20528" "12_31095"
[13] "11_10065" "11_20895" "12_30396" "12_10181" "12_10122" "11_21272"
[19] "12_30055" "11_21418" "11_20119" "12_30759" "11_21521" "11_10669"
[25] "12_10554" "12_31308" "12_30751" "11_20714" "11_20673" "11_11349"
[31] "12_30940" "11_11147"
$`12_30043`
[1] "12_31377"

$`11_21265`
[1] "12_30900" "11_10214"

$`11_20968`
[1] "12_30571"

$`12_21376`
[1] "12_30921"

$`11_10208`
[1] "11_11405"

$`11_10974`
[1] "11_21426" "11_11048"

$`11_11290`
[1] "11_10578"

$`12_30577`
[1] "12_31352"

$`12_30530`
[1] "12_10218"

$`12_30826`
[1] "11_21223"

null device 
          1 
null device 
          1 
