 --Read the following data:
	 24  individuals
	 85  markers
	 1  phenotypes
 --Cross type: f2 
null device 
          1 
 --Read the following data:
	 24  individuals
	 85  markers
	 1  phenotypes
 --Cross type: bcsft 
    BC(0)F(3) cross

    No. individuals:    24 

    No. phenotypes:     1 
    Percent phenotyped: 0 

    No. chromosomes:    7 
        Autosomes:      1H 2H 3H 4H 5H 6H 7H 

    Total markers:      85 
    No. markers:        20 16 3 11 15 13 7 
    Percent genotyped:  95.8 
    Genotypes (%):      AA:46.7  AB:32.9  BB:15.8  not BB:0.0  not AA:4.6 
null device 
          1 
[1] "11_10526" "12_11433"
 [1] "11_10460" "11_21174" "11_21217" "12_10905" "12_31377" "11_11038"
 [7] "12_30277" "11_20864" "11_21304" "11_21220" "12_30636" "11_21370"
[13] "12_10571" "11_20851" "12_30055" "11_10208" "12_30605" "11_11114"
[19] "11_11513" "11_20765" "11_20974" "12_30979" "11_10705" "12_30635"
[25] "12_30833" "12_10554" "11_10676" "12_31308" "12_30361" "11_20656"
[31] "11_11349" "11_20889" "12_30940" "11_11147" "11_11098" "11_10534"
$`11_11484`
[1] "11_10722"

$`12_20489`
[1] "12_31095"

$`11_10688`
[1] "12_30410"

$`12_31292`
[1] "11_21052" "12_10857"

null device 
          1 
null device 
          1 
