 --Read the following data:
	 24  individuals
	 105  markers
	 1  phenotypes
 --Cross type: f2 
null device 
          1 
 --Read the following data:
	 24  individuals
	 105  markers
	 1  phenotypes
 --Cross type: bcsft 
    BC(0)F(3) cross

    No. individuals:    24 

    No. phenotypes:     1 
    Percent phenotyped: 0 

    No. chromosomes:    7 
        Autosomes:      1H 2H 3H 4H 5H 6H 7H 

    Total markers:      105 
    No. markers:        11 15 9 18 20 9 23 
    Percent genotyped:  97.8 
    Genotypes (%):      AA:33.7  AB:43.4  BB:22.8  not BB:0.0  not AA:0.1 
null device 
          1 
[1] "12_10554"
 [1] "11_11040" "11_21338" "11_20734" "12_20489" "11_20182" "12_10181"
 [7] "12_10122" "11_21272" "12_30055" "11_20765" "11_10974" "11_21426"
[13] "11_11048" "11_10688" "11_10869" "11_10427" "11_10003" "12_30144"
[19] "11_20889" "12_11433" "11_20755" "12_30530" "12_10218" "12_30528"
[25] "12_10959"
$`12_10636`
[1] "11_20810" "11_20220" "11_20021"

$`12_30277`
[1] "12_11496"

$`12_31224`
[1] "11_10307"

$`12_30604`
[1] "12_30396"

$`11_20968`
[1] "12_30571"

$`12_21376`
[1] "12_30921"

$`11_10221`
[1] "11_20777"

$`12_30540`
[1] "12_30755"

$`12_31536`
[1] "11_11513" "11_10523"

$`12_31458`
[1] "11_20358"

$`11_10309`
[1] "11_10588"

$`11_20894`
[1] "12_10079" "12_30400"

$`11_11290`
[1] "11_10578"

$`12_31292`
[1] "11_10401" "11_21052"

$`12_31450`
[1] "11_10025" "12_11477" "11_10534" "11_20349" "12_30199"

$`12_10605`
[1] "11_20192"

$`11_10143`
[1] "11_21201"

$`11_21223`
[1] "11_10896" "12_30826"

null device 
          1 
null device 
          1 
