 --Read the following data:
	 24  individuals
	 105  markers
	 1  phenotypes
 --Cross type: f2 
null device 
          1 
 --Read the following data:
	 24  individuals
	 105  markers
	 1  phenotypes
 --Cross type: bcsft 
    BC(0)F(3) cross

    No. individuals:    24 

    No. phenotypes:     1 
    Percent phenotyped: 0 

    No. chromosomes:    7 
        Autosomes:      1H 2H 3H 4H 5H 6H 7H 

    Total markers:      105 
    No. markers:        13 23 8 15 12 19 15 
    Percent genotyped:  98.2 
    Genotypes (%):      AA:27.1  AB:41.7  BB:26.2  not BB:0.0  not AA:5.0 
null device 
          1 
[1] "11_21272"
 [1] "11_10030" "11_21217" "11_20690" "11_20159" "11_20252" "12_10571"
 [7] "11_20742" "12_11154" "12_30921" "12_30767" "11_10309" "11_20119"
[13] "11_20845" "11_10869" "12_30494" "12_10554" "11_21281" "11_21112"
[19] "11_21223"
$`11_10760`
[1] "11_10075"

$`12_10636`
[1] "11_20810"

$`11_20642`
[1] "12_30742"

$`12_31224`
[1] "11_10307"

$`11_20734`
[1] "11_10900"

$`12_30155`
[1] "12_31095"

$`11_21220`
[1] "11_10780"

$`12_10447`
[1] "11_21250" "11_11380"

$`12_31458`
[1] "11_21397" "11_20358" "11_10588"

$`12_30540`
[1] "12_30755" "11_11513" "11_10467" "11_10523"

$`11_20384`
[1] "11_20454"

$`12_31292`
[1] "11_10401"

$`11_10669`
[1] "11_10676"

$`11_21521`
[1] "11_11067" "11_20714"

$`12_30940`
[1] "11_11147"

$`12_31350`
[1] "12_30528"

$`11_10534`
[1] "11_20349" "12_30199" "11_10303" "11_10143" "11_21201"

$`11_10454`
[1] "11_21280" "12_30826"

null device 
          1 
null device 
          1 
