 --Read the following data:
	 24  individuals
	 118  markers
	 1  phenotypes
 --Cross type: f2 
null device 
          1 
 --Read the following data:
	 24  individuals
	 118  markers
	 1  phenotypes
 --Cross type: bcsft 
    BC(0)F(3) cross

    No. individuals:    24 

    No. phenotypes:     1 
    Percent phenotyped: 0 

    No. chromosomes:    7 
        Autosomes:      1H 2H 3H 4H 5H 6H 7H 

    Total markers:      118 
    No. markers:        24 11 7 20 26 15 15 
    Percent genotyped:  98.5 
    Genotypes (%):      AA:39.7  AB:38.4  BB:20.7  not BB:0.0  not AA:1.1 
null device 
          1 
character(0)
 [1] "11_10526" "11_21126" "12_30277" "11_21377" "12_30155" "11_21338"
 [7] "12_30178" "11_10398" "11_20182" "12_10181" "11_20293" "11_10926"
[13] "12_10122" "12_30921" "12_30055" "11_20974" "11_20226" "11_20533"
[19] "11_10974" "11_21426" "11_11048" "11_10705" "12_30929" "11_10869"
[25] "12_11450" "12_30494" "12_10554" "11_10676" "11_10129" "12_30368"
[31] "12_30380"
$`11_10460`
[1] "11_21174" "12_30043"

$`11_20712`
[1] "12_11498" "11_10279"

$`11_21048`
[1] "12_10506"

$`12_10636`
[1] "11_20810" "11_21217"

$`11_20642`
[1] "12_30742"

$`11_20968`
[1] "12_30571"

$`11_10467`
[1] "12_30755"

$`11_11513`
[1] "11_10309"

$`12_31458`
[1] "11_20358"

$`11_21397`
[1] "11_10588"

$`11_20903`
[1] "11_20239"

$`12_30979`
[1] "11_11355"

$`11_11290`
[1] "11_10578"

$`11_20134`
[1] "12_30067"

$`12_31292`
[1] "12_30382"

$`12_30144`
[1] "11_11067"

$`11_21491`
[1] "12_10959"

$`11_10143`
[1] "11_21201"

$`11_10078`
[1] "12_31282" "11_21280" "11_10896" "12_30826"

null device 
          1 
null device 
          1 
