 --Read the following data:
	 24  individuals
	 111  markers
	 1  phenotypes
 --Cross type: f2 
null device 
          1 
 --Read the following data:
	 24  individuals
	 111  markers
	 1  phenotypes
 --Cross type: bcsft 
    BC(0)F(3) cross

    No. individuals:    24 

    No. phenotypes:     1 
    Percent phenotyped: 0 

    No. chromosomes:    7 
        Autosomes:      1H 2H 3H 4H 5H 6H 7H 

    Total markers:      111 
    No. markers:        20 17 5 16 26 15 12 
    Percent genotyped:  98.1 
    Genotypes (%):      AA:29.2  AB:45.5  BB:23.3  not BB:0.0  not AA:2.0 
null device 
          1 
[1] "11_20119"
 [1] "11_20712" "11_10186" "11_21048" "12_11498" "12_10506" "11_10279"
 [7] "12_30155" "11_21338" "11_20690" "11_20944" "12_30055" "12_30540"
[13] "11_10793" "12_30976" "12_31094" "11_21480" "11_20449" "11_11350"
[19] "12_30929" "12_30635" "12_30494" "12_10554" "11_21281" "11_10239"
[25] "11_10169" "11_10454" "11_10896"
$`11_21174`
[1] "12_30043"

$`12_10636`
[1] "11_20810" "11_21217"

$`11_20642`
[1] "12_30742"

$`12_30948`
[1] "11_21038"

$`11_10326`
[1] "12_30396"

$`12_10122`
[1] "12_11154"

$`11_10208`
[1] "11_11405"

$`11_11513`
[1] "11_10309"

$`11_21397`
[1] "11_20358" "11_10588"

$`11_20384`
[1] "12_30117"

$`11_10974`
[1] "11_11048"

$`11_20903`
[1] "11_20845" "11_20239"

$`11_20894`
[1] "12_10079"

$`11_20134`
[1] "12_30067"

$`11_20646`
[1] "11_11216"

$`11_20686`
[1] "12_11450"

$`12_30577`
[1] "12_31352"

$`11_10040`
[1] "11_20972"

$`11_20755`
[1] "12_30530" "12_10218"

$`12_30826`
[1] "11_21223"

null device 
          1 
null device 
          1 
