 --Read the following data:
	 24  individuals
	 78  markers
	 1  phenotypes
 --Cross type: f2 
null device 
          1 
 --Read the following data:
	 24  individuals
	 78  markers
	 1  phenotypes
 --Cross type: bcsft 
    BC(0)F(3) cross

    No. individuals:    24 

    No. phenotypes:     1 
    Percent phenotyped: 0 

    No. chromosomes:    7 
        Autosomes:      1H 2H 3H 4H 5H 6H 7H 

    Total markers:      78 
    No. markers:        9 16 5 17 11 17 3 
    Percent genotyped:  96.6 
    Genotypes (%):      AA:41.0  AB:36.2  BB:21.1  not BB:0.0  not AA:1.8 
null device 
          1 
[1] "12_11433"
 [1] "11_10526" "12_10960" "12_10905" "11_21038" "11_21377" "11_21338"
 [7] "12_10859" "12_10447" "12_10181" "12_30102" "12_30055" "11_21418"
[13] "11_20114" "12_31536" "11_11513" "11_10309" "11_10523" "11_20974"
[19] "11_20845" "11_21052" "11_21521" "11_10669" "12_10554" "11_10676"
[25] "11_11349" "11_20889" "12_30940" "11_11147" "12_31235" "11_10239"
[31] "11_21455" "11_11014" "12_11477"
$`12_10636`
[1] "11_20810" "11_21217"

$`11_21220`
[1] "11_10065"

$`11_10326`
[1] "12_30396"

$`11_20521`
[1] "11_10253"

$`12_30223`
[1] "11_20944"

$`11_10221`
[1] "11_20777"

$`12_30540`
[1] "12_30755"

$`11_21397`
[1] "11_10588"

$`11_20903`
[1] "11_20239"

$`11_11290`
[1] "11_10578"

null device 
          1 
null device 
          1 
