 --Read the following data:
	 24  individuals
	 78  markers
	 1  phenotypes
 --Cross type: f2 
null device 
          1 
 --Read the following data:
	 24  individuals
	 78  markers
	 1  phenotypes
 --Cross type: bcsft 
    BC(0)F(3) cross

    No. individuals:    24 

    No. phenotypes:     1 
    Percent phenotyped: 0 

    No. chromosomes:    7 
        Autosomes:      1H 2H 3H 4H 5H 6H 7H 

    Total markers:      78 
    No. markers:        7 14 4 12 15 19 7 
    Percent genotyped:  96.8 
    Genotypes (%):      AA:26.1  AB:54.4  BB:19.5  not BB:0.0  not AA:0.0 
null device 
          1 
[1] "12_10650" "11_20889"
 [1] "12_30155" "11_11040" "11_20864" "11_20690" "11_20528" "12_31095"
 [7] "11_21266" "12_31458" "11_20777" "11_10588" "11_20384" "12_30117"
[13] "11_20454" "11_11355" "12_30400" "11_10869" "11_21521" "11_10676"
[19] "12_31308" "11_20936" "11_21281" "11_10539" "12_30751" "11_11349"
[25] "12_30940" "11_11147" "12_31285" "11_20755" "12_30530" "11_21491"
$`12_10636`
[1] "11_20810" "11_21217"

$`11_21265`
[1] "11_10214" "11_10398"

$`12_31313`
[1] "11_20114"

$`11_10724`
[1] "11_20765"

$`11_21202`
[1] "12_30577" "12_31352"

$`11_10270`
[1] "11_10040"

$`11_11111`
[1] "11_21112" "12_30956"

null device 
          1 
null device 
          1 
