 --Read the following data:
	 24  individuals
	 100  markers
	 1  phenotypes
 --Cross type: f2 
null device 
          1 
 --Read the following data:
	 24  individuals
	 100  markers
	 1  phenotypes
 --Cross type: bcsft 
    BC(0)F(3) cross

    No. individuals:    24 

    No. phenotypes:     1 
    Percent phenotyped: 0 

    No. chromosomes:    7 
        Autosomes:      1H 2H 3H 4H 5H 6H 7H 

    Total markers:      100 
    No. markers:        11 19 6 12 20 14 18 
    Percent genotyped:  97.7 
    Genotypes (%):      AA:29.1  AB:48.0  BB:22.7  not BB:0.0  not AA:0.2 
null device 
          1 
[1] "12_11433"
 [1] "11_10526" "11_10552" "11_10722" "11_10326" "11_21265" "11_21338"
 [7] "12_31474" "12_30900" "11_10214" "11_21220" "11_10065" "12_30396"
[13] "11_20590" "11_21250" "11_20293" "11_21453" "11_20252" "11_21266"
[19] "12_30055" "11_10467" "11_10309" "11_11004" "11_10724" "11_20765"
[25] "11_20119" "12_30759" "12_31375" "11_10869" "11_10600" "11_20245"
[31] "12_31285" "11_21491" "12_11477" "11_10169"
$`11_20594`
[1] "11_20840"

$`11_11513`
[1] "11_10523"

$`11_10974`
[1] "11_21426" "11_11048"

$`11_20903`
[1] "11_20239"

$`11_21480`
[1] "11_11350"

$`11_11479`
[1] "11_21246"

$`11_10669`
[1] "11_10676" "11_11349"

$`11_10994`
[1] "11_21069"

null device 
          1 
null device 
          1 
