PLINK v1.90b3 64-bit (11 Jan 2015)
18 arguments: --a2-allele /Users/tomkono/Dropbox/GitHub/Deleterious_GP/Data/SNP_Positions/sorted_all_BOPA_masked_95idt.vcf 4 3 # --allow-extra-chr --keep-allele-order --map GP_Comb_Beagle.map --out BOPA_Beagle_In --ped GP_Comb_Beagle.ped --real-ref-alleles --recode vcf-iid --remove Parental_IDs.txt
Hostname: Thomass-iMac.local
Working directory: /Users/tomkono/Dropbox/GitHub/Deleterious_GP/Data/Imputation/Beagle_4.1
Start time: Thu Dec 14 23:06:16 2017

Random number seed: 1513314376
16384 MB RAM detected; reserving 8192 MB for main workspace.
Scanning .ped file... done.
Performing single-pass .bed write (305 variants, 3357 people).
--file: BOPA_Beagle_In-temporary.bed + BOPA_Beagle_In-temporary.bim +
BOPA_Beagle_In-temporary.fam written.
305 variants loaded from .bim file.
3357 people (0 males, 0 females, 3357 ambiguous) loaded from .fam.
Ambiguous sex IDs written to BOPA_Beagle_In.nosex .
--remove: 3336 people remaining.
Using 1 thread (no multithreaded calculations invoked).
Before main variant filters, 0 founders and 3336 nonfounders present.
Calculating allele frequencies... done.
Total genotyping rate in remaining samples is 0.972626.
--a2-allele: 305 assignments made.
305 variants and 3336 people pass filters and QC.
Note: No phenotypes present.
--recode vcf-iid to BOPA_Beagle_In.vcf ... done.

End time: Thu Dec 14 23:06:16 2017
