 --Read the following data:
	 24  individuals
	 77  markers
	 1  phenotypes
 --Cross type: f2 
null device 
          1 
 --Read the following data:
	 24  individuals
	 77  markers
	 1  phenotypes
 --Cross type: bcsft 
    BC(0)F(3) cross

    No. individuals:    24 

    No. phenotypes:     1 
    Percent phenotyped: 0 

    No. chromosomes:    7 
        Autosomes:      1H 2H 3H 4H 5H 6H 7H 

    Total markers:      77 
    No. markers:        2 13 8 16 6 9 23 
    Percent genotyped:  95.3 
    Genotypes (%):      AA:44.4  AB:38.2  BB:15.9  not BB:0.0  not AA:1.5 
null device 
          1 
[1] "11_20092"
 [1] "11_10526" "12_10960" "11_21304" "11_21338" "11_10638" "12_10485"
 [7] "11_20690" "12_20489" "12_10859" "11_21250" "12_10181" "11_20293"
[13] "11_20252" "11_20595" "12_30920" "12_30055" "11_21418" "11_20114"
[19] "11_10793" "12_30605" "11_20119" "12_30979" "11_10129" "11_10003"
[25] "11_20972" "11_10239" "11_21455" "12_31450" "11_10025" "12_30880"
[31] "12_10605" "11_11098" "12_30496" "12_10241" "12_30164" "11_11243"
[37] "12_30380"
$`12_10571`
[1] "11_21266"

$`12_30755`
[1] "12_30540" "11_10467"

$`11_10309`
[1] "11_11004"

$`12_31458`
[1] "11_20384" "11_20454"

$`11_10401`
[1] "12_10857"

$`11_10994`
[1] "11_21069"

$`12_31350`
[1] "12_30528"

$`11_10303`
[1] "11_10143"

$`11_21280`
[1] "12_31282"

null device 
          1 
null device 
          1 
