 --Read the following data:
	 24  individuals
	 57  markers
	 1  phenotypes
 --Cross type: f2 
null device 
          1 
 --Read the following data:
	 24  individuals
	 57  markers
	 1  phenotypes
 --Cross type: bcsft 
    BC(0)F(3) cross

    No. individuals:    24 

    No. phenotypes:     1 
    Percent phenotyped: 0 

    No. chromosomes:    7 
        Autosomes:      1H 2H 3H 4H 5H 6H 7H 

    Total markers:      57 
    No. markers:        3 17 14 2 3 11 7 
    Percent genotyped:  94.7 
    Genotypes (%):      AA:28.4  AB:43.0  BB:28.5  not BB:0.0  not AA:0.1 
null device 
          1 
[1] "12_30494" "12_10959"
 [1] "12_30277" "12_30900" "12_30636" "12_21376" "12_30055" "11_10793"
 [7] "11_20845" "12_10554" "11_10003" "11_20996" "12_31350" "11_20755"
[13] "12_30530" "12_10218" "12_30164"
$`12_31224`
[1] "11_10307"

$`12_30155`
[1] "12_20489" "12_31095"

$`12_10447`
[1] "11_21250" "11_11380"

$`11_20742`
[1] "11_21272" "12_30921"

$`12_30767`
[1] "11_20605"

$`11_10669`
[1] "11_10676" "11_20714" "11_20673" "11_11349" "11_20889"

$`12_30144`
[1] "11_11067"

null device 
          1 
null device 
          1 
