 --Read the following data:
	 24  individuals
	 77  markers
	 1  phenotypes
 --Cross type: f2 
null device 
          1 
 --Read the following data:
	 24  individuals
	 77  markers
	 1  phenotypes
 --Cross type: bcsft 
    BC(0)F(3) cross

    No. individuals:    24 

    No. phenotypes:     1 
    Percent phenotyped: 0 

    No. chromosomes:    7 
        Autosomes:      1H 2H 3H 4H 5H 6H 7H 

    Total markers:      77 
    No. markers:        3 9 4 7 16 12 26 
    Percent genotyped:  95.3 
    Genotypes (%):      AA:22.5  AB:50.6  BB:26.9  not BB:0.0  not AA:0.0 
null device 
          1 
[1] "12_30494" "11_21223"
 [1] "12_30604" "11_10065" "11_20590" "11_10551" "12_30571" "11_20384"
 [7] "12_30117" "11_20119" "11_20454" "12_30979" "11_11290" "11_10578"
[13] "12_10554" "12_31308" "11_10427" "12_30361" "11_20936" "11_10539"
[19] "12_30751" "11_10003" "12_30144" "11_11067" "11_20245" "11_20755"
[25] "12_30530" "12_10218" "12_30880"
$`12_10447`
[1] "11_21250"

$`11_11380`
[1] "11_20293"

$`11_21418`
[1] "12_30006"

$`11_20903`
[1] "11_20239"

$`12_30566`
[1] "12_31375"

$`11_20646`
[1] "11_11216"

$`12_31350`
[1] "12_30528"

$`11_10534`
[1] "11_20349" "12_30199"

$`11_10143`
[1] "11_21201"

$`11_21280`
[1] "11_10896"

null device 
          1 
null device 
          1 
