 --Read the following data:
	 24  individuals
	 99  markers
	 1  phenotypes
 --Cross type: f2 
null device 
          1 
 --Read the following data:
	 24  individuals
	 99  markers
	 1  phenotypes
 --Cross type: bcsft 
    BC(0)F(3) cross

    No. individuals:    24 

    No. phenotypes:     1 
    Percent phenotyped: 0 

    No. chromosomes:    7 
        Autosomes:      1H 2H 3H 4H 5H 6H 7H 

    Total markers:      99 
    No. markers:        17 8 4 8 23 13 26 
    Percent genotyped:  97.1 
    Genotypes (%):      AA:27.4  AB:47.7  BB:24.9  not BB:0.0  not AA:0.0 
null device 
          1 
[1] "11_20889" "12_10959"
 [1] "12_30298" "11_10722" "11_21377" "11_20528" "11_20119" "11_21480"
 [7] "11_10676" "11_10270" "11_20673" "11_11349" "11_20755" "12_30530"
[13] "12_10218"
$`11_20712`
[1] "12_11498"

$`11_20810`
[1] "11_21217"

$`11_20642`
[1] "12_30742"

$`12_30948`
[1] "11_10586"

$`12_31458`
[1] "11_21397"

$`12_30117`
[1] "11_20454"

$`11_20533`
[1] "11_10974" "11_21426" "11_11048"

$`11_20894`
[1] "12_10079" "12_30400"

$`11_11290`
[1] "11_10578"

$`11_20545`
[1] "12_31375"

$`12_31292`
[1] "11_10401" "11_21052"

$`12_31308`
[1] "11_21281" "12_30751" "11_10003"

$`12_30940`
[1] "11_11147"

$`12_31350`
[1] "12_30528"

$`11_10534`
[1] "11_20349" "12_30199" "11_10303" "11_10143"

$`12_31282`
[1] "11_10454"

null device 
          1 
null device 
          1 
