 --Read the following data:
	 24  individuals
	 80  markers
	 1  phenotypes
 --Cross type: f2 
null device 
          1 
 --Read the following data:
	 24  individuals
	 80  markers
	 1  phenotypes
 --Cross type: bcsft 
    BC(0)F(3) cross

    No. individuals:    24 

    No. phenotypes:     1 
    Percent phenotyped: 0 

    No. chromosomes:    7 
        Autosomes:      1H 2H 3H 4H 5H 6H 7H 

    Total markers:      80 
    No. markers:        17 10 2 7 16 10 18 
    Percent genotyped:  96.6 
    Genotypes (%):      AA:23.1  AB:49.1  BB:27.2  not BB:0.0  not AA:0.6 
null device 
          1 
[1] "12_30494"
 [1] "12_30298" "12_30155" "11_20734" "12_30178" "12_20489" "11_20182"
 [7] "12_31095" "11_20895" "11_10208" "11_11405" "11_20384" "12_31292"
[13] "11_21521" "12_31308" "11_20936" "11_10539" "11_10025" "12_30880"
[19] "12_10605" "11_10078" "12_31282" "11_20170"
$`11_21174`
[1] "12_30043"

$`11_20810`
[1] "11_21217" "12_10905"

$`11_11484`
[1] "11_10722"

$`11_20864`
[1] "11_20528"

$`11_11114`
[1] "11_11244"

$`11_10688`
[1] "12_30410" "11_20845"

$`11_20545`
[1] "12_31375" "12_30566"

$`12_30577`
[1] "12_31352" "11_10401" "11_21052"

$`12_31350`
[1] "12_30528"

$`11_10534`
[1] "11_20349"

$`11_10303`
[1] "11_10143"

null device 
          1 
null device 
          1 
