 --Read the following data:
	 24  individuals
	 99  markers
	 1  phenotypes
 --Cross type: f2 
null device 
          1 
 --Read the following data:
	 24  individuals
	 99  markers
	 1  phenotypes
 --Cross type: bcsft 
    BC(0)F(3) cross

    No. individuals:    24 

    No. phenotypes:     1 
    Percent phenotyped: 0 

    No. chromosomes:    8 
        Autosomes:      0 1H 2H 3H 4H 5H 6H 7H 

    Total markers:      99 
    No. markers:        1 21 13 3 15 17 13 16 
    Percent genotyped:  97 
    Genotypes (%):      AA:26.9  AB:45.2  BB:26.5  not BB:0.9  not AA:0.5 
null device 
          1 
[1] "12_10959"
 [1] "11_10460" "11_21048" "12_11498" "12_10506" "11_10552" "12_30298"
 [7] "11_21377" "12_30604" "11_20690" "11_20422" "11_20226" "11_10401"
[13] "11_21052" "12_30940" "11_21112"
$`11_20810`
[1] "11_21217"

$`11_20642`
[1] "12_30742"

$`12_30948`
[1] "11_10586"

$`11_20864`
[1] "11_20528" "11_20895"

$`12_20489`
[1] "12_31095"

$`11_11513`
[1] "11_10309" "11_11004"

$`11_21480`
[1] "11_11350"

$`11_20134`
[1] "12_30067"

$`11_20686`
[1] "11_10600"

$`12_31308`
[1] "12_30751"

$`11_21246`
[1] "11_20714"

$`11_11147`
[1] "11_20889"

$`11_20755`
[1] "12_30530" "12_10218"

$`12_31350`
[1] "12_30528"

$`11_10454`
[1] "12_31282"

null device 
          1 
null device 
          1 
