 --Read the following data:
	 24  individuals
	 48  markers
	 1  phenotypes
 --Cross type: f2 
null device 
          1 
 --Read the following data:
	 24  individuals
	 48  markers
	 1  phenotypes
 --Cross type: bcsft 
    BC(0)F(3) cross

    No. individuals:    24 

    No. phenotypes:     1 
    Percent phenotyped: 0 

    No. chromosomes:    7 
        Autosomes:      1H 2H 3H 4H 5H 6H 7H 

    Total markers:      48 
    No. markers:        10 5 2 6 3 8 14 
    Percent genotyped:  97.3 
    Genotypes (%):      AA:33.4  AB:46.1  BB:19.6  not BB:0.0  not AA:0.9 
null device 
          1 
character(0)
 [1] "11_10526" "12_30298" "11_21377" "12_30155" "11_20864" "11_20528"
 [7] "11_20895" "12_11154" "11_20449" "11_20714"
$`11_21217`
[1] "12_10905"

$`11_10208`
[1] "11_11405"

$`12_30540`
[1] "12_30755"

$`11_10669`
[1] "11_10676"

$`11_10003`
[1] "12_30144"

$`12_10605`
[1] "11_20192"

$`11_20349`
[1] "12_30199"

$`11_10303`
[1] "11_10143" "11_21201"

null device 
          1 
null device 
          1 
