 --Read the following data:
	 24  individuals
	 57  markers
	 1  phenotypes
 --Cross type: f2 
null device 
          1 
 --Read the following data:
	 24  individuals
	 57  markers
	 1  phenotypes
 --Cross type: bcsft 
    BC(0)F(3) cross

    No. individuals:    24 

    No. phenotypes:     1 
    Percent phenotyped: 0 

    No. chromosomes:    7 
        Autosomes:      1H 2H 3H 4H 5H 6H 7H 

    Total markers:      57 
    No. markers:        3 10 4 3 10 10 17 
    Percent genotyped:  96.8 
    Genotypes (%):      AA:24.2  AB:45.4  BB:30.4  not BB:0.0  not AA:0.0 
null device 
          1 
[1] "12_10959"
 [1] "11_10586" "11_11040" "11_20734" "11_10900" "11_20182" "11_20968"
 [7] "12_30571" "11_20119" "12_30979" "11_10270" "11_20755" "12_30530"
[13] "11_21491" "11_20349" "12_30199" "11_10303" "11_10143" "11_21201"
$`12_30155`
[1] "12_10485"

$`11_10974`
[1] "11_21426" "11_11048"

$`11_11290`
[1] "11_10578"

$`12_31094`
[1] "12_30929"

$`12_31308`
[1] "12_30751"

$`11_11147`
[1] "11_20889"

$`12_31350`
[1] "12_30528"

null device 
          1 
null device 
          1 
