 --Read the following data:
	 24  individuals
	 60  markers
	 1  phenotypes
 --Cross type: f2 
null device 
          1 
 --Read the following data:
	 24  individuals
	 60  markers
	 1  phenotypes
 --Cross type: bcsft 
    BC(0)F(3) cross

    No. individuals:    24 

    No. phenotypes:     1 
    Percent phenotyped: 0 

    No. chromosomes:    7 
        Autosomes:      1H 2H 3H 4H 5H 6H 7H 

    Total markers:      60 
    No. markers:        10 8 6 9 9 7 11 
    Percent genotyped:  96.5 
    Genotypes (%):      AA:31.7  AB:44.3  BB:23.5  not BB:0.0  not AA:0.5 
null device 
          1 
[1] "12_30494"
 [1] "11_10760" "11_10075" "11_21038" "11_10722" "11_20690" "12_10181"
 [7] "12_30767" "11_20605" "12_30055" "11_10793" "11_20119" "12_30759"
[13] "11_20686" "11_10539" "11_11111" "11_21112" "12_30956" "12_31282"
[19] "11_21223"
$`12_10636`
[1] "11_20810" "11_21217"

$`12_30540`
[1] "12_30755" "11_10467"

$`11_21480`
[1] "11_11350"

null device 
          1 
null device 
          1 
