 --Read the following data:
	 24  individuals
	 45  markers
	 1  phenotypes
 --Cross type: f2 
null device 
          1 
 --Read the following data:
	 24  individuals
	 45  markers
	 1  phenotypes
 --Cross type: bcsft 
    BC(0)F(3) cross

    No. individuals:    24 

    No. phenotypes:     1 
    Percent phenotyped: 0 

    No. chromosomes:    6 
        Autosomes:      1H 2H 3H 4H 5H 7H 

    Total markers:      45 
    No. markers:        4 8 6 6 12 9 
    Percent genotyped:  97.8 
    Genotypes (%):      AA:25.5  AB:50.4  BB:23.3  not BB:0.9  not AA:0.0 
null device 
          1 
[1] "12_10959"
[1] "12_30155" "11_20159" "11_10631" "11_21397" "11_10578" "11_10303" "11_10143"
[8] "11_21201" "12_30368"
$`12_31224`
[1] "11_10307"

$`12_10447`
[1] "11_11380"

$`11_10208`
[1] "11_11405"

$`11_20545`
[1] "11_20646"

$`11_10401`
[1] "11_21052"

$`11_20755`
[1] "12_30530" "12_10218"

null device 
          1 
null device 
          1 
