 --Read the following data:
	 24  individuals
	 60  markers
	 1  phenotypes
 --Cross type: f2 
null device 
          1 
 --Read the following data:
	 24  individuals
	 60  markers
	 1  phenotypes
 --Cross type: bcsft 
    BC(0)F(3) cross

    No. individuals:    24 

    No. phenotypes:     1 
    Percent phenotyped: 0 

    No. chromosomes:    7 
        Autosomes:      1H 2H 3H 4H 5H 6H 7H 

    Total markers:      60 
    No. markers:        5 9 7 5 9 10 15 
    Percent genotyped:  45.7 
    Genotypes (%):      AA:39.8  AB:10.5  BB:46.4  not BB:3.0  not AA:0.3 
null device 
          1 
 [1] "12_30742" "12_30277" "12_31224" "12_30604" "11_10109" "12_30396"
 [7] "11_20590" "12_10571" "11_20944" "11_20605" "11_11516" "12_30540"
[13] "12_30605" "11_10467" "12_30976" "12_31094" "11_20545" "11_20646"
[19] "11_10401" "11_20415" "12_31308" "12_30751" "12_30144" "12_30956"
[25] "12_31450" "12_30880" "12_10605" "11_10143" "11_21448" "11_10169"
[31] "12_10241" "12_30368" "11_11243" "12_30380" "11_10896"
[1] "11_20119" "11_21281"
NULL
null device 
          1 
null device 
          1 
