 --Read the following data:
	 24  individuals
	 64  markers
	 1  phenotypes
 --Cross type: f2 
null device 
          1 
 --Read the following data:
	 24  individuals
	 64  markers
	 1  phenotypes
 --Cross type: bcsft 
    BC(0)F(3) cross

    No. individuals:    24 

    No. phenotypes:     1 
    Percent phenotyped: 0 

    No. chromosomes:    7 
        Autosomes:      1H 2H 3H 4H 5H 6H 7H 

    Total markers:      64 
    No. markers:        4 8 4 15 3 12 18 
    Percent genotyped:  98.4 
    Genotypes (%):      AA:33.7  AB:39.3  BB:23.8  not BB:0.0  not AA:3.2 
null device 
          1 
character(0)
 [1] "12_20489" "11_10900" "11_20182" "12_30055" "11_10793" "11_20119"
 [7] "11_10600" "12_30494" "11_11098" "12_30496" "11_10078" "11_21223"
$`11_20642`
[1] "12_30742"

$`11_20159`
[1] "11_21266"

$`12_30755`
[1] "12_30540" "11_10467"

$`11_10309`
[1] "11_11004"

$`11_20384`
[1] "11_20454"

$`12_30144`
[1] "11_11067"

$`11_10994`
[1] "11_21069"

$`12_30880`
[1] "11_20192"

$`12_31350`
[1] "12_30528"

$`11_10025`
[1] "12_11477"

$`11_20349`
[1] "12_30199"

null device 
          1 
null device 
          1 
