 --Read the following data:
	 24  individuals
	 53  markers
	 1  phenotypes
 --Cross type: f2 
null device 
          1 
 --Read the following data:
	 24  individuals
	 53  markers
	 1  phenotypes
 --Cross type: bcsft 
    BC(0)F(3) cross

    No. individuals:    24 

    No. phenotypes:     1 
    Percent phenotyped: 0 

    No. chromosomes:    8 
        Autosomes:      0 1H 2H 3H 4H 5H 6H 7H 

    Total markers:      53 
    No. markers:        1 8 15 4 2 6 12 5 
    Percent genotyped:  96.9 
    Genotypes (%):      AA:26.3  AB:52.4  BB:20.4  not BB:0.0  not AA:1.0 
null device 
          1 
[1] "11_21223"
 [1] "12_30951" "12_30948" "11_10030" "11_10760" "11_10075" "11_10326"
 [7] "11_11040" "11_20690" "12_20489" "11_20182" "12_31095" "11_10065"
[13] "12_10571" "12_11154" "11_11244" "11_20545" "11_20646" "11_20686"
[19] "12_30577" "12_31292" "11_10401" "11_10669" "11_20415" "11_10676"
[25] "12_31308" "11_21281" "12_30751" "12_30144" "11_11067" "11_11349"
[31] "12_30940" "11_11147" "11_11243" "11_20170"
$`12_10636`
[1] "11_20810" "11_21217"

$`12_10447`
[1] "11_11380"

null device 
          1 
null device 
          1 
