 --Read the following data:
	 24  individuals
	 56  markers
	 1  phenotypes
 --Cross type: f2 
null device 
          1 
 --Read the following data:
	 24  individuals
	 56  markers
	 1  phenotypes
 --Cross type: bcsft 
    BC(0)F(3) cross

    No. individuals:    24 

    No. phenotypes:     1 
    Percent phenotyped: 0 

    No. chromosomes:    7 
        Autosomes:      1H 2H 3H 4H 5H 6H 7H 

    Total markers:      56 
    No. markers:        11 10 2 3 7 15 8 
    Percent genotyped:  94.3 
    Genotypes (%):      AA:27.7  AB:46.8  BB:22.4  not BB:0.0  not AA:3.1 
null device 
          1 
[1] "11_21281"
 [1] "11_10460" "12_10636" "12_30948" "11_21048" "11_10760" "12_10506"
 [7] "11_10075" "11_11038" "11_20864" "11_20734" "12_30178" "12_10571"
[13] "12_11154" "12_30540" "11_10793" "11_20119" "11_20226" "11_21521"
[19] "11_10669" "11_11479" "11_10676" "11_10539" "11_11349" "12_30940"
[25] "11_11147" "12_31235" "12_30956" "12_31450" "11_10303" "11_10143"
$`12_31224`
[1] "11_10307"

$`12_30577`
[1] "12_31352"

$`11_10994`
[1] "11_21069"

$`12_10605`
[1] "11_20192"

null device 
          1 
null device 
          1 
