 --Read the following data:
	 24  individuals
	 84  markers
	 1  phenotypes
 --Cross type: f2 
null device 
          1 
 --Read the following data:
	 24  individuals
	 84  markers
	 1  phenotypes
 --Cross type: bcsft 
    BC(0)F(3) cross

    No. individuals:    24 

    No. phenotypes:     1 
    Percent phenotyped: 0 

    No. chromosomes:    7 
        Autosomes:      1H 2H 3H 4H 5H 6H 7H 

    Total markers:      84 
    No. markers:        16 11 8 12 18 12 7 
    Percent genotyped:  96.4 
    Genotypes (%):      AA:28.1  AB:45.0  BB:26.9  not BB:0.0  not AA:0.0 
null device 
          1 
[1] "12_31375" "12_30494"
 [1] "11_20642" "12_30742" "12_30277" "11_20690" "12_30900" "11_20159"
 [7] "12_30920" "12_10122" "12_11154" "12_30767" "11_11516" "11_11513"
[13] "11_10523" "12_30759" "11_20646" "11_10669" "11_20673" "11_11349"
$`11_21048`
[1] "12_11498" "12_10506"

$`12_10636`
[1] "11_20810" "11_20220" "12_10905"

$`12_30948`
[1] "11_10586"

$`11_10326`
[1] "12_30604" "12_30396"

$`11_21265`
[1] "11_10214" "11_10398"

$`12_30755`
[1] "12_30540"

$`12_31458`
[1] "11_21397" "11_20358"

$`11_10974`
[1] "11_21426" "11_11048"

$`11_20239`
[1] "11_20903"

$`12_31292`
[1] "12_10857"

$`12_30940`
[1] "11_20889"

null device 
          1 
null device 
          1 
