 --Read the following data:
	 24  individuals
	 82  markers
	 1  phenotypes
 --Cross type: f2 
null device 
          1 
 --Read the following data:
	 24  individuals
	 82  markers
	 1  phenotypes
 --Cross type: bcsft 
    BC(0)F(3) cross

    No. individuals:    24 

    No. phenotypes:     1 
    Percent phenotyped: 0 

    No. chromosomes:    7 
        Autosomes:      1H 2H 3H 4H 5H 6H 7H 

    Total markers:      82 
    No. markers:        14 3 5 9 16 17 18 
    Percent genotyped:  95.9 
    Genotypes (%):      AA:28.3  AB:47.0  BB:24.5  not BB:0.0  not AA:0.2 
null device 
          1 
[1] "12_30494" "11_20092"
 [1] "12_30948" "11_10744" "11_10586" "11_20840" "12_10181" "12_30055"
 [7] "11_10208" "11_20422" "11_10793" "11_11405" "12_31352" "11_10401"
[13] "11_21052" "11_21521" "11_10539" "11_10270" "11_20714" "12_30956"
[19] "12_11433" "11_21491" "12_30880" "12_10605" "12_11477" "11_21448"
$`12_30951`
[1] "11_10760" "11_10075"

$`11_20642`
[1] "12_30742"

$`12_10122`
[1] "12_11154"

$`12_30755`
[1] "11_10467"

$`11_20936`
[1] "11_21281"

$`12_31308`
[1] "12_30751"

$`11_11147`
[1] "11_20889" "12_31235"

$`11_20349`
[1] "12_30199" "11_10303" "11_10143" "11_21201"

null device 
          1 
null device 
          1 
