 --Read the following data:
	 24  individuals
	 62  markers
	 1  phenotypes
 --Cross type: f2 
null device 
          1 
 --Read the following data:
	 24  individuals
	 62  markers
	 1  phenotypes
 --Cross type: bcsft 
    BC(0)F(3) cross

    No. individuals:    24 

    No. phenotypes:     1 
    Percent phenotyped: 0 

    No. chromosomes:    7 
        Autosomes:      1H 2H 3H 4H 5H 6H 7H 

    Total markers:      62 
    No. markers:        6 6 4 9 14 8 15 
    Percent genotyped:  98.7 
    Genotypes (%):      AA:27.8  AB:45.1  BB:27.1  not BB:0.0  not AA:0.0 
null device 
          1 
character(0)
[1] "11_20690" "11_11516" "11_20355" "12_30164" "12_30368" "11_11243"
$`11_10326`
[1] "12_30396"

$`12_31458`
[1] "11_21397" "11_20358" "11_10588"

$`11_21480`
[1] "11_11350"

$`11_20134`
[1] "12_30067"

$`12_30833`
[1] "12_30759"

$`11_10994`
[1] "11_21069"

$`11_11111`
[1] "11_21112" "12_30956"

$`11_20755`
[1] "12_30530"

$`12_31350`
[1] "12_30528"

$`12_31450`
[1] "11_11098" "12_30496"

$`11_10303`
[1] "11_10143"

null device 
          1 
null device 
          1 
