 --Read the following data:
	 24  individuals
	 69  markers
	 1  phenotypes
 --Cross type: f2 
null device 
          1 
 --Read the following data:
	 24  individuals
	 69  markers
	 1  phenotypes
 --Cross type: bcsft 
    BC(0)F(3) cross

    No. individuals:    24 

    No. phenotypes:     1 
    Percent phenotyped: 0 

    No. chromosomes:    7 
        Autosomes:      1H 2H 3H 4H 5H 6H 7H 

    Total markers:      69 
    No. markers:        2 14 4 10 10 13 16 
    Percent genotyped:  97.2 
    Genotypes (%):      AA:24.3  AB:46.0  BB:29.6  not BB:0.0  not AA:0.0 
null device 
          1 
character(0)
 [1] "11_20252" "11_20119" "12_30006" "11_10669" "12_10554" "11_10676"
 [7] "11_10270" "11_20714" "11_11349" "12_30940" "11_11147"
$`11_20864`
[1] "11_20528"

$`11_10326`
[1] "12_30396"

$`12_31138`
[1] "11_11405"

$`11_20903`
[1] "11_20239"

$`12_10079`
[1] "12_30400"

$`12_31352`
[1] "11_21052"

$`11_10534`
[1] "11_20349" "12_30199"

$`11_10896`
[1] "12_30826"

null device 
          1 
null device 
          1 
