 --Read the following data:
	 24  individuals
	 106  markers
	 1  phenotypes
 --Cross type: f2 
null device 
          1 
 --Read the following data:
	 24  individuals
	 106  markers
	 1  phenotypes
 --Cross type: bcsft 
    BC(0)F(3) cross

    No. individuals:    24 

    No. phenotypes:     1 
    Percent phenotyped: 0 

    No. chromosomes:    8 
        Autosomes:      0 1H 2H 3H 4H 5H 6H 7H 

    Total markers:      106 
    No. markers:        1 11 11 5 13 27 16 22 
    Percent genotyped:  97.2 
    Genotypes (%):      AA:24.1  AB:48.7  BB:27.2  not BB:0.0  not AA:0.0 
null device 
          1 
[1] "12_31375" "12_30494"
 [1] "12_10485" "12_10181" "11_20845" "11_20903" "11_20239" "11_20646"
 [7] "11_20686" "11_21521" "12_10554" "11_11067" "11_20904" "11_10169"
[13] "12_10241" "12_30164" "12_30368"
$`11_20712`
[1] "12_11498"

$`12_10636`
[1] "11_20810"

$`11_10460`
[1] "12_31377"

$`11_21304`
[1] "11_10214" "11_10398"

$`11_21220`
[1] "11_10780"

$`11_10326`
[1] "12_30396"

$`12_10122`
[1] "12_11154"

$`12_30755`
[1] "12_30540"

$`11_11513`
[1] "11_10309" "11_10523"

$`11_21397`
[1] "11_20358"

$`11_20226`
[1] "11_21202"

$`11_20894`
[1] "12_10079"

$`11_11290`
[1] "11_10578"

$`11_20134`
[1] "12_30067"

$`12_31292`
[1] "11_10401"

$`11_11349`
[1] "11_20889" "12_30940" "11_11147"

$`11_20755`
[1] "12_30530" "12_10218"

$`12_31350`
[1] "12_30528"

$`11_10303`
[1] "11_10143"

$`11_10454`
[1] "12_31282"

null device 
          1 
null device 
          1 
