 --Read the following data:
	 24  individuals
	 61  markers
	 1  phenotypes
 --Cross type: f2 
null device 
          1 
 --Read the following data:
	 24  individuals
	 61  markers
	 1  phenotypes
 --Cross type: bcsft 
    BC(0)F(3) cross

    No. individuals:    24 

    No. phenotypes:     1 
    Percent phenotyped: 0 

    No. chromosomes:    7 
        Autosomes:      1H 2H 3H 4H 5H 6H 7H 

    Total markers:      61 
    No. markers:        7 14 3 5 9 15 8 
    Percent genotyped:  98.2 
    Genotypes (%):      AA:29.9  AB:44.7  BB:24.6  not BB:0.8  not AA:0.0 
null device 
          1 
character(0)
 [1] "12_30298" "12_30155" "12_10485" "12_20489" "12_30900" "12_31095"
 [7] "11_10551" "12_10447" "11_11380" "11_20944" "11_21418" "12_30361"
[13] "11_20349" "11_11243" "11_21229" "11_10078"
$`11_20642`
[1] "12_30742"

$`12_31224`
[1] "11_10307"

$`11_21480`
[1] "11_11350"

$`11_20134`
[1] "12_30067"

$`12_31308`
[1] "12_30751"

$`11_21246`
[1] "11_20714"

$`11_11349`
[1] "11_20889" "12_30940" "11_11147"

$`11_20355`
[1] "11_10239"

$`11_20755`
[1] "12_30530"

null device 
          1 
null device 
          1 
