 --Read the following data:
	 24  individuals
	 49  markers
	 1  phenotypes
 --Cross type: f2 
null device 
          1 
 --Read the following data:
	 24  individuals
	 49  markers
	 1  phenotypes
 --Cross type: bcsft 
    BC(0)F(3) cross

    No. individuals:    24 

    No. phenotypes:     1 
    Percent phenotyped: 0 

    No. chromosomes:    7 
        Autosomes:      1H 2H 3H 4H 5H 6H 7H 

    Total markers:      49 
    No. markers:        8 8 3 3 6 4 17 
    Percent genotyped:  96.3 
    Genotypes (%):      AA:43.9  AB:32.2  BB:22.5  not BB:0.0  not AA:1.4 
null device 
          1 
[1] "12_30494"
 [1] "12_10636" "11_10526" "11_21217" "11_21126" "12_10905" "11_21377"
 [7] "12_30636" "12_30396" "12_10181" "11_10793" "11_11405" "11_11355"
[13] "11_10003" "12_30940" "11_21112" "12_30956" "11_21448" "11_10078"
[19] "12_30826"
$`11_21220`
[1] "11_10780"

$`11_20605`
[1] "11_11516"

$`11_20686`
[1] "12_11450"

$`11_20349`
[1] "12_30199"

$`11_21280`
[1] "11_10896"

null device 
          1 
null device 
          1 
