 --Read the following data:
	 24  individuals
	 36  markers
	 1  phenotypes
 --Cross type: f2 
null device 
          1 
 --Read the following data:
	 24  individuals
	 36  markers
	 1  phenotypes
 --Cross type: bcsft 
    BC(0)F(3) cross

    No. individuals:    24 

    No. phenotypes:     1 
    Percent phenotyped: 0 

    No. chromosomes:    7 
        Autosomes:      1H 2H 3H 4H 5H 6H 7H 

    Total markers:      36 
    No. markers:        5 5 3 1 5 2 15 
    Percent genotyped:  95.4 
    Genotypes (%):      AA:24.9  AB:44.2  BB:30.9  not BB:0.0  not AA:0.0 
null device 
          1 
[1] "12_30494"
[1] "12_10506" "11_21217" "12_10905" "12_10181" "11_21112" "12_30956" "11_10078"
$`11_21220`
[1] "11_10780"

$`11_20605`
[1] "11_11516"

$`11_20686`
[1] "12_11450"

$`11_20349`
[1] "12_30199"

$`11_21280`
[1] "11_10896"

null device 
          1 
null device 
          1 
