 --Read the following data:
	 24  individuals
	 59  markers
	 1  phenotypes
 --Cross type: f2 
null device 
          1 
 --Read the following data:
	 24  individuals
	 59  markers
	 1  phenotypes
 --Cross type: bcsft 
    BC(0)F(3) cross

    No. individuals:    24 

    No. phenotypes:     1 
    Percent phenotyped: 0 

    No. chromosomes:    7 
        Autosomes:      1H 2H 3H 4H 5H 6H 7H 

    Total markers:      59 
    No. markers:        10 5 3 3 16 13 9 
    Percent genotyped:  97.8 
    Genotypes (%):      AA:29.2  AB:46.1  BB:23.5  not BB:0.0  not AA:1.2 
null device 
          1 
[1] "12_10959"
 [1] "12_30948" "11_10030" "11_21048" "11_20810" "11_21217" "12_10905"
 [7] "11_21038" "11_20944" "12_30055" "11_10793" "11_21480" "12_30833"
[13] "12_30494" "11_10539" "11_20714"
$`12_30951`
[1] "11_10760" "11_10075"

$`12_31313`
[1] "11_20114"

$`11_10974`
[1] "11_21426" "11_11048" "11_10688"

$`11_10669`
[1] "11_10676"

null device 
          1 
null device 
          1 
