 --Read the following data:
	 24  individuals
	 66  markers
	 1  phenotypes
 --Cross type: f2 
null device 
          1 
 --Read the following data:
	 24  individuals
	 66  markers
	 1  phenotypes
 --Cross type: bcsft 
    BC(0)F(3) cross

    No. individuals:    24 

    No. phenotypes:     1 
    Percent phenotyped: 0 

    No. chromosomes:    7 
        Autosomes:      1H 2H 3H 4H 5H 6H 7H 

    Total markers:      66 
    No. markers:        4 9 6 9 18 5 15 
    Percent genotyped:  98.5 
    Genotypes (%):      AA:31.8  AB:37.7  BB:29.0  not BB:0.0  not AA:1.5 
null device 
          1 
character(0)
 [1] "11_20159" "12_30055" "11_10793" "11_20119" "12_30979" "11_10688"
 [7] "12_30410" "12_30400" "12_10554" "12_11433" "11_20092"
$`11_10551`
[1] "11_20590"

$`12_10447`
[1] "11_21250" "11_11380"

$`12_31458`
[1] "11_20384" "11_20454"

$`11_20533`
[1] "11_10974" "11_11048"

$`11_11290`
[1] "11_10578"

$`12_31094`
[1] "12_30929"

$`12_31292`
[1] "12_30382" "12_10857"

$`11_20755`
[1] "12_30530" "12_10218"

$`11_21280`
[1] "11_10896"

null device 
          1 
null device 
          1 
