 --Read the following data:
	 24  individuals
	 110  markers
	 1  phenotypes
 --Cross type: f2 
null device 
          1 
 --Read the following data:
	 24  individuals
	 110  markers
	 1  phenotypes
 --Cross type: bcsft 
    BC(0)F(3) cross

    No. individuals:    24 

    No. phenotypes:     1 
    Percent phenotyped: 0 

    No. chromosomes:    7 
        Autosomes:      1H 2H 3H 4H 5H 6H 7H 

    Total markers:      110 
    No. markers:        22 12 9 11 21 18 17 
    Percent genotyped:  96.2 
    Genotypes (%):      AA:49.7  AB:30.9  BB:16.5  not BB:0.0  not AA:2.9 
null device 
          1 
[1] "11_10793"
 [1] "12_10960" "11_10638" "12_11272" "11_20690" "11_20528" "12_10859"
 [7] "12_30900" "11_10900" "11_20182" "12_10181" "11_20293" "11_20159"
[13] "11_20252" "12_30920" "12_30084" "11_11141" "12_11154" "11_20851"
[19] "12_21376" "12_30540" "11_20114" "11_20894" "12_30979" "11_21426"
[25] "11_10688" "11_20845" "11_20903" "11_20239" "11_20367" "11_10705"
[31] "11_10783" "12_31292" "11_10401" "12_10857" "11_21521" "11_10136"
[37] "11_10427" "12_30361" "11_10129" "11_20936" "11_21281" "12_30751"
[43] "11_20904" "11_10040" "11_20972" "11_10239" "11_20755" "11_20092"
[49] "11_21229" "11_21223"
$`12_30951`
[1] "11_10760" "11_10075"

$`12_30948`
[1] "11_10526"

$`11_20810`
[1] "12_10905"

$`12_31095`
[1] "12_30155"

$`11_10309`
[1] "11_11513" "11_11004"

$`11_20454`
[1] "11_20384" "12_30117"

$`11_11350`
[1] "11_21480"

$`12_30577`
[1] "12_31352"

$`11_21112`
[1] "11_11111"

$`12_30496`
[1] "12_31450"

null device 
          1 
null device 
          1 
