 --Read the following data:
	 24  individuals
	 58  markers
	 1  phenotypes
 --Cross type: f2 
null device 
          1 
 --Read the following data:
	 24  individuals
	 58  markers
	 1  phenotypes
 --Cross type: bcsft 
    BC(0)F(3) cross

    No. individuals:    24 

    No. phenotypes:     1 
    Percent phenotyped: 0 

    No. chromosomes:    7 
        Autosomes:      1H 2H 3H 4H 5H 6H 7H 

    Total markers:      58 
    No. markers:        12 7 3 8 3 9 16 
    Percent genotyped:  97.6 
    Genotypes (%):      AA:43.5  AB:38.1  BB:16.2  not BB:0.0  not AA:2.2 
null device 
          1 
character(0)
 [1] "11_21048" "11_10526" "12_30298" "12_31377" "11_21377" "12_30155"
 [7] "11_20864" "11_20528" "11_20895" "12_10181" "11_20293" "12_11154"
[13] "12_30055" "11_10793" "11_10467" "11_20449" "12_10554" "11_20714"
[19] "11_11243" "11_21223"
$`11_21217`
[1] "12_10905"

$`11_10208`
[1] "11_11405"

$`12_30540`
[1] "12_30755"

$`11_10669`
[1] "11_10676"

$`11_10003`
[1] "12_30144"

$`12_10605`
[1] "11_20192"

$`11_20349`
[1] "12_30199"

$`11_10303`
[1] "11_10143" "11_21201"

null device 
          1 
null device 
          1 
