 --Read the following data:
	 24  individuals
	 62  markers
	 1  phenotypes
 --Cross type: f2 
null device 
          1 
 --Read the following data:
	 24  individuals
	 62  markers
	 1  phenotypes
 --Cross type: bcsft 
    BC(0)F(3) cross

    No. individuals:    24 

    No. phenotypes:     1 
    Percent phenotyped: 0 

    No. chromosomes:    7 
        Autosomes:      1H 2H 3H 4H 5H 6H 7H 

    Total markers:      62 
    No. markers:        3 10 5 4 10 12 18 
    Percent genotyped:  96.5 
    Genotypes (%):      AA:29.8  AB:41.9  BB:28.0  not BB:0.0  not AA:0.3 
null device 
          1 
[1] "12_10959"
 [1] "11_10586" "11_11040" "11_20734" "11_10900" "11_20182" "11_20968"
 [7] "12_30571" "12_30055" "11_10793" "11_20119" "12_30979" "11_21281"
[13] "11_10270" "11_10239" "11_20755" "12_30530" "11_21491" "11_20349"
[19] "12_30199" "11_10303" "11_10143" "11_21201" "11_21448"
$`12_30155`
[1] "12_10485"

$`11_10974`
[1] "11_21426" "11_11048"

$`11_11290`
[1] "11_10578"

$`12_31094`
[1] "12_30929"

$`12_31308`
[1] "12_30751"

$`11_11147`
[1] "11_20889"

$`12_31350`
[1] "12_30528"

null device 
          1 
null device 
          1 
