 --Read the following data:
	 24  individuals
	 111  markers
	 1  phenotypes
 --Cross type: f2 
null device 
          1 
 --Read the following data:
	 24  individuals
	 111  markers
	 1  phenotypes
 --Cross type: bcsft 
    BC(0)F(3) cross

    No. individuals:    24 

    No. phenotypes:     1 
    Percent phenotyped: 0 

    No. chromosomes:    8 
        Autosomes:      0 1H 2H 3H 4H 5H 6H 7H 

    Total markers:      111 
    No. markers:        1 18 18 2 16 25 8 23 
    Percent genotyped:  96.6 
    Genotypes (%):      AA:31.4  AB:45.0  BB:23.6  not BB:0.0  not AA:0.0 
null device 
          1 
[1] "12_31375" "12_30494"
 [1] "12_30298" "11_11040" "11_21265" "11_20734" "12_30178" "12_30900"
 [7] "11_10214" "11_10398" "12_30102" "12_10554"
$`11_20712`
[1] "12_11498"

$`11_20810`
[1] "11_21217"

$`11_20642`
[1] "12_10960" "12_30742"

$`11_20864`
[1] "11_20528" "11_20895"

$`11_11513`
[1] "11_10309"

$`12_31458`
[1] "11_20358" "11_20384"

$`11_21397`
[1] "11_10588"

$`11_20894`
[1] "12_10079" "12_30400"

$`11_11290`
[1] "11_10578"

$`11_21480`
[1] "11_11350"

$`11_20134`
[1] "12_30067"

$`11_20355`
[1] "11_10239"

$`12_31350`
[1] "12_30528"

$`12_11477`
[1] "11_10534" "12_30199" "11_10303" "11_10143" "11_21201"

$`12_30164`
[1] "12_30368"

$`12_31282`
[1] "11_10454"

null device 
          1 
null device 
          1 
