 --Read the following data:
	 24  individuals
	 60  markers
	 1  phenotypes
 --Cross type: f2 
null device 
          1 
 --Read the following data:
	 24  individuals
	 60  markers
	 1  phenotypes
 --Cross type: bcsft 
    BC(0)F(3) cross

    No. individuals:    24 

    No. phenotypes:     1 
    Percent phenotyped: 0 

    No. chromosomes:    7 
        Autosomes:      1H 2H 3H 4H 5H 6H 7H 

    Total markers:      60 
    No. markers:        4 7 4 14 2 12 17 
    Percent genotyped:  97.4 
    Genotypes (%):      AA:30.3  AB:42.3  BB:25.7  not BB:0.9  not AA:0.9 
null device 
          1 
character(0)
 [1] "12_20489" "11_20182" "12_30055" "11_20119" "11_10600" "12_11450"
 [7] "12_10554" "11_11014" "11_11098" "12_30496" "11_10078" "11_20170"
$`11_20642`
[1] "12_30742"

$`11_20159`
[1] "11_21266"

$`12_30755`
[1] "12_30540" "11_10467"

$`11_10309`
[1] "11_11004"

$`11_20384`
[1] "11_20454"

$`12_30144`
[1] "11_11067"

$`11_10994`
[1] "11_21069"

$`12_30880`
[1] "11_20192"

$`12_31350`
[1] "12_30528"

$`11_10025`
[1] "12_11477"

$`11_20349`
[1] "12_30199"

null device 
          1 
null device 
          1 
