 --Read the following data:
	 24  individuals
	 66  markers
	 1  phenotypes
 --Cross type: f2 
null device 
          1 
 --Read the following data:
	 24  individuals
	 66  markers
	 1  phenotypes
 --Cross type: bcsft 
    BC(0)F(3) cross

    No. individuals:    24 

    No. phenotypes:     1 
    Percent phenotyped: 0 

    No. chromosomes:    7 
        Autosomes:      1H 2H 3H 4H 5H 6H 7H 

    Total markers:      66 
    No. markers:        8 8 4 14 10 5 17 
    Percent genotyped:  35.3 
    Genotypes (%):      AA:48.5  AB:5.5  BB:42.9  not BB:0.0  not AA:3.0 
null device 
          1 
 [1] "11_20712" "12_11498" "11_10526" "12_30043" "11_10279" "12_31377"
 [7] "11_11038" "12_30277" "12_10485" "12_20489" "11_20182" "12_10447"
[13] "11_21250" "11_11380" "12_10181" "11_20293" "11_20742" "12_11154"
[19] "11_21272" "12_30540" "12_30605" "12_30755" "11_11513" "11_10467"
[25] "11_10309" "11_11004" "11_10523" "11_20358" "11_20384" "12_30117"
[31] "11_20454" "11_21202" "12_10079" "11_20449" "11_20686" "12_30577"
[37] "11_10401" "11_20415" "12_30940" "11_11147" "12_31235" "11_20755"
[43] "11_10025" "12_30530" "11_11098" "11_10534" "11_20349" "11_10303"
[49] "11_10143" "11_20092" "11_10078" "12_31282" "11_20170"
[1] "11_11355" "12_30199"
NULL
null device 
          1 
null device 
          1 
