 --Read the following data:
	 24  individuals
	 76  markers
	 1  phenotypes
 --Cross type: f2 
null device 
          1 
 --Read the following data:
	 24  individuals
	 76  markers
	 1  phenotypes
 --Cross type: bcsft 
    BC(0)F(3) cross

    No. individuals:    24 

    No. phenotypes:     1 
    Percent phenotyped: 0 

    No. chromosomes:    7 
        Autosomes:      1H 2H 3H 4H 5H 6H 7H 

    Total markers:      76 
    No. markers:        13 2 4 8 15 17 17 
    Percent genotyped:  97.3 
    Genotypes (%):      AA:23.9  AB:50.0  BB:26.1  not BB:0.0  not AA:0.0 
null device 
          1 
[1] "11_20092"
 [1] "12_30948" "11_10744" "11_10586" "11_10208" "11_20422" "11_11405"
 [7] "12_31352" "11_10401" "11_21052" "11_21521" "11_10539" "11_10270"
[13] "11_20714" "12_30956" "12_11433" "11_21491" "12_30880" "12_10605"
[19] "12_11477"
$`12_30951`
[1] "11_10760" "11_10075"

$`11_20642`
[1] "12_30742"

$`12_10122`
[1] "12_11154"

$`12_30755`
[1] "11_10467"

$`11_20936`
[1] "11_21281"

$`12_31308`
[1] "12_30751"

$`11_11147`
[1] "11_20889" "12_31235"

$`11_20349`
[1] "12_30199" "11_10303" "11_10143" "11_21201"

null device 
          1 
null device 
          1 
