 --Read the following data:
	 24  individuals
	 63  markers
	 1  phenotypes
 --Cross type: f2 
null device 
          1 
 --Read the following data:
	 24  individuals
	 63  markers
	 1  phenotypes
 --Cross type: bcsft 
    BC(0)F(3) cross

    No. individuals:    24 

    No. phenotypes:     1 
    Percent phenotyped: 0 

    No. chromosomes:    7 
        Autosomes:      1H 2H 3H 4H 5H 6H 7H 

    Total markers:      63 
    No. markers:        3 13 5 13 11 6 12 
    Percent genotyped:  97.5 
    Genotypes (%):      AA:36.8  AB:21.1  BB:36.4  not BB:0.0  not AA:5.7 
null device 
          1 
character(0)
[1] "12_10650" "11_21220" "11_11405" "11_20119" "11_10040" "12_10959"
$`11_20712`
[1] "12_11498"

$`11_20734`
[1] "12_30178"

$`12_10447`
[1] "11_11380" "11_20293"

$`11_20968`
[1] "11_11086"

$`11_20358`
[1] "11_10588" "11_20384"

$`12_31458`
[1] "11_20454"

$`12_31094`
[1] "12_30929"

$`11_11111`
[1] "11_21112"

$`11_10025`
[1] "12_11477"

$`11_20349`
[1] "12_30199" "11_10303"

null device 
          1 
null device 
          1 
