 --Read the following data:
	 24  individuals
	 115  markers
	 1  phenotypes
 --Cross type: f2 
null device 
          1 
 --Read the following data:
	 24  individuals
	 115  markers
	 1  phenotypes
 --Cross type: bcsft 
    BC(0)F(3) cross

    No. individuals:    24 

    No. phenotypes:     1 
    Percent phenotyped: 0 

    No. chromosomes:    7 
        Autosomes:      1H 2H 3H 4H 5H 6H 7H 

    Total markers:      115 
    No. markers:        11 22 9 14 24 17 18 
    Percent genotyped:  98.9 
    Genotypes (%):      AA:31.7  AB:24.7  BB:41.5  not BB:0.0  not AA:2.2 
null device 
          1 
character(0)
[1] "11_20690" "11_20119"
$`11_20712`
[1] "12_11498"

$`11_21048`
[1] "12_10506"

$`11_21217`
[1] "12_10905"

$`11_20594`
[1] "11_20840"

$`12_30155`
[1] "12_20489" "12_31095"

$`11_21265`
[1] "11_10214"

$`11_20734`
[1] "11_10900"

$`12_10447`
[1] "11_21250" "11_11380"

$`11_10208`
[1] "11_11405"

$`11_10724`
[1] "11_20765"

$`12_31458`
[1] "11_20358"

$`11_21397`
[1] "11_10588"

$`12_30976`
[1] "12_31094" "12_30929" "12_30635"

$`11_21480`
[1] "11_11350" "11_20134" "12_30067"

$`11_20545`
[1] "12_31375"

$`12_31352`
[1] "12_31292" "11_10401"

$`11_20415`
[1] "11_10129"

$`12_30940`
[1] "12_31235"

$`11_20755`
[1] "12_10218" "12_10979"

$`12_11433`
[1] "11_21491"

$`12_31350`
[1] "12_30528"

$`12_31282`
[1] "11_10454" "11_21280"

null device 
          1 
null device 
          1 
