 --Read the following data:
	 24  individuals
	 61  markers
	 1  phenotypes
 --Cross type: f2 
null device 
          1 
 --Read the following data:
	 24  individuals
	 61  markers
	 1  phenotypes
 --Cross type: bcsft 
    BC(0)F(3) cross

    No. individuals:    24 

    No. phenotypes:     1 
    Percent phenotyped: 0 

    No. chromosomes:    7 
        Autosomes:      1H 2H 3H 4H 5H 6H 7H 

    Total markers:      61 
    No. markers:        1 13 12 9 13 9 4 
    Percent genotyped:  98.7 
    Genotypes (%):      AA:38.8  AB:23.9  BB:37.4  not BB:0.0  not AA:0.0 
null device 
          1 
character(0)
[1] "11_20690" "11_20119"
$`11_10780`
[1] "11_21220"

$`11_21250`
[1] "12_10181"

$`12_30976`
[1] "12_30929"

$`11_20545`
[1] "12_30566"

$`11_20226`
[1] "12_30494"

$`12_30940`
[1] "11_11147"

$`11_20192`
[1] "12_10605"

null device 
          1 
null device 
          1 
