 --Read the following data:
	 24  individuals
	 129  markers
	 1  phenotypes
 --Cross type: f2 
null device 
          1 
 --Read the following data:
	 24  individuals
	 129  markers
	 1  phenotypes
 --Cross type: bcsft 
    BC(0)F(3) cross

    No. individuals:    24 

    No. phenotypes:     1 
    Percent phenotyped: 0 

    No. chromosomes:    7 
        Autosomes:      1H 2H 3H 4H 5H 6H 7H 

    Total markers:      129 
    No. markers:        23 22 5 19 24 17 19 
    Percent genotyped:  98.2 
    Genotypes (%):      AA:38.1  AB:22.3  BB:32.0  not BB:0.0  not AA:7.6 
null device 
          1 
[1] "11_20119"
[1] "11_20642" "11_20605" "12_11433"
$`12_10636`
[1] "11_20220" "12_10905"

$`12_30277`
[1] "12_11496"

$`11_20895`
[1] "11_21377"

$`11_20734`
[1] "12_30178"

$`11_21265`
[1] "11_21370"

$`11_10780`
[1] "11_10109"

$`12_30604`
[1] "11_20590"

$`11_10551`
[1] "12_10447" "11_21250" "11_11380"

$`12_31458`
[1] "11_21397" "11_20358"

$`11_11114`
[1] "11_10639"

$`11_10309`
[1] "11_11004"

$`11_11290`
[1] "11_10578"

$`11_21480`
[1] "11_11350" "11_20134" "12_30067"

$`11_20646`
[1] "11_11216"

$`11_21202`
[1] "12_30577" "12_31352"

$`11_10669`
[1] "11_10676"

$`11_20415`
[1] "12_30361"

$`11_11349`
[1] "11_11147"

$`11_20192`
[1] "12_10605"

null device 
          1 
null device 
          1 
