 --Read the following data:
	 24  individuals
	 109  markers
	 1  phenotypes
 --Cross type: f2 
null device 
          1 
 --Read the following data:
	 24  individuals
	 109  markers
	 1  phenotypes
 --Cross type: bcsft 
    BC(0)F(3) cross

    No. individuals:    24 

    No. phenotypes:     1 
    Percent phenotyped: 0 

    No. chromosomes:    7 
        Autosomes:      1H 2H 3H 4H 5H 6H 7H 

    Total markers:      109 
    No. markers:        13 26 14 10 17 14 15 
    Percent genotyped:  98.7 
    Genotypes (%):      AA:36.7  AB:24.2  BB:39.1  not BB:0.0  not AA:0.0 
null device 
          1 
character(0)
[1] "11_20690"
$`11_21048`
[1] "12_10506"

$`12_10636`
[1] "11_20810" "12_10905"

$`12_30948`
[1] "11_21038"

$`11_21265`
[1] "11_10214" "11_10398"

$`11_10780`
[1] "11_10109"

$`11_10326`
[1] "12_30396"

$`12_10447`
[1] "11_21250" "11_11380" "11_20293"

$`12_30223`
[1] "11_20944"

$`11_10221`
[1] "11_20777"

$`12_31458`
[1] "11_20119"

$`12_30117`
[1] "11_20454"

$`11_10974`
[1] "11_21426"

$`11_21480`
[1] "11_11350" "11_20134"

$`11_20545`
[1] "12_30566"

$`11_10401`
[1] "11_21052"

$`11_10003`
[1] "12_30144"

$`11_10669`
[1] "12_30940"

$`11_20355`
[1] "11_10239"

$`12_31350`
[1] "12_30528"

$`11_10025`
[1] "12_11477"

null device 
          1 
null device 
          1 
