 --Read the following data:
	 24  individuals
	 77  markers
	 1  phenotypes
 --Cross type: f2 
null device 
          1 
 --Read the following data:
	 24  individuals
	 77  markers
	 1  phenotypes
 --Cross type: bcsft 
    BC(0)F(3) cross

    No. individuals:    24 

    No. phenotypes:     1 
    Percent phenotyped: 0 

    No. chromosomes:    8 
        Autosomes:      0 1H 2H 3H 4H 5H 6H 7H 

    Total markers:      77 
    No. markers:        1 3 15 11 10 10 4 23 
    Percent genotyped:  99.2 
    Genotypes (%):      AA:36.0  AB:23.6  BB:39.3  not BB:0.0  not AA:1.2 
null device 
          1 
character(0)
[1] "11_21338"
$`11_20712`
[1] "12_11498"

$`11_21265`
[1] "11_10214"

$`12_20489`
[1] "11_20182" "12_31095"

$`11_10780`
[1] "11_10065"

$`11_11086`
[1] "11_10926"

$`12_30921`
[1] "12_30767"

$`11_10208`
[1] "11_20974" "12_31138"

$`11_10669`
[1] "11_20714"

$`12_11477`
[1] "11_10534" "11_20349" "12_30199"

$`11_10303`
[1] "11_21201" "11_21448"

$`12_31491`
[1] "11_21223"

null device 
          1 
null device 
          1 
