 --Read the following data:
	 24  individuals
	 50  markers
	 1  phenotypes
 --Cross type: f2 
null device 
          1 
 --Read the following data:
	 24  individuals
	 50  markers
	 1  phenotypes
 --Cross type: bcsft 
    BC(0)F(3) cross

    No. individuals:    24 

    No. phenotypes:     1 
    Percent phenotyped: 0 

    No. chromosomes:    8 
        Autosomes:      0 1H 2H 3H 4H 5H 6H 7H 

    Total markers:      50 
    No. markers:        1 6 13 4 7 8 8 3 
    Percent genotyped:  97.2 
    Genotypes (%):      AA:39.4  AB:24.1  BB:36.5  not BB:0.0  not AA:0.0 
null device 
          1 
[1] "12_10650"
[1] "11_20605" "11_20092"
$`12_30277`
[1] "12_11496"

$`11_20182`
[1] "12_31095"

$`12_30577`
[1] "12_31352"

null device 
          1 
null device 
          1 
