 --Read the following data:
	 24  individuals
	 125  markers
	 1  phenotypes
 --Cross type: f2 
null device 
          1 
 --Read the following data:
	 24  individuals
	 125  markers
	 1  phenotypes
 --Cross type: bcsft 
    BC(0)F(3) cross

    No. individuals:    24 

    No. phenotypes:     1 
    Percent phenotyped: 0 

    No. chromosomes:    7 
        Autosomes:      1H 2H 3H 4H 5H 6H 7H 

    Total markers:      125 
    No. markers:        17 22 12 19 25 22 8 
    Percent genotyped:  98.5 
    Genotypes (%):      AA:34.2  AB:25.7  BB:36.3  not BB:0.0  not AA:3.9 
null device 
          1 
character(0)
[1] "11_20690" "12_10650" "11_21220" "11_20605" "12_31308" "11_10040" "11_20092"
$`11_20712`
[1] "12_11498"

$`11_20810`
[1] "11_21217" "12_10905"

$`11_20642`
[1] "12_30742"

$`12_30277`
[1] "12_11496"

$`12_30396`
[1] "12_30604"

$`11_21265`
[1] "11_21370"

$`11_20968`
[1] "12_30571"

$`11_10309`
[1] "11_11004"

$`11_10724`
[1] "11_11213" "11_20765"

$`11_21397`
[1] "11_10588"

$`11_20903`
[1] "11_20239"

$`11_11290`
[1] "11_10578"

$`11_20367`
[1] "11_20449"

$`11_20545`
[1] "12_30566"

$`12_31292`
[1] "12_10857"

$`11_21521`
[1] "11_10669" "12_30144" "11_11067" "11_20904"

$`11_20673`
[1] "11_11349"

$`11_11111`
[1] "12_30956"

$`12_31282`
[1] "11_10454"

null device 
          1 
null device 
          1 
