 --Read the following data:
	 24  individuals
	 129  markers
	 1  phenotypes
 --Cross type: f2 
null device 
          1 
 --Read the following data:
	 24  individuals
	 129  markers
	 1  phenotypes
 --Cross type: bcsft 
    BC(0)F(3) cross

    No. individuals:    24 

    No. phenotypes:     1 
    Percent phenotyped: 0 

    No. chromosomes:    7 
        Autosomes:      1H 2H 3H 4H 5H 6H 7H 

    Total markers:      129 
    No. markers:        14 20 14 15 26 17 23 
    Percent genotyped:  97.5 
    Genotypes (%):      AA:37.7  AB:23.2  BB:32.7  not BB:0.0  not AA:6.5 
null device 
          1 
[1] "11_20119"
[1] "12_30298" "11_20690" "11_20358" "11_10040" "12_31285"
$`11_10760`
[1] "11_10075"

$`12_10636`
[1] "11_20810" "11_21217"

$`11_20734`
[1] "12_30178"

$`12_10447`
[1] "11_21250" "11_11380"

$`11_20252`
[1] "12_10571"

$`11_10208`
[1] "11_11405"

$`11_11513`
[1] "11_10523"

$`11_10974`
[1] "11_21426"

$`11_20845`
[1] "11_20903" "11_20239"

$`11_11290`
[1] "11_10578"

$`11_21480`
[1] "11_11350"

$`12_31094`
[1] "12_30929"

$`12_31292`
[1] "12_10857"

$`11_10669`
[1] "11_10676" "11_11349"

$`11_20755`
[1] "12_10218"

$`11_20192`
[1] "12_10605"

$`11_10025`
[1] "12_11477"

null device 
          1 
null device 
          1 
