 --Read the following data:
	 24  individuals
	 203  markers
	 1  phenotypes
 --Cross type: f2 
null device 
          1 
 --Read the following data:
	 24  individuals
	 203  markers
	 1  phenotypes
 --Cross type: bcsft 
    BC(0)F(3) cross

    No. individuals:    24 

    No. phenotypes:     1 
    Percent phenotyped: 0 

    No. chromosomes:    7 
        Autosomes:      1H 2H 3H 4H 5H 6H 7H 

    Total markers:      203 
    No. markers:        27 32 19 31 40 29 25 
    Percent genotyped:  96 
    Genotypes (%):      AA:51.5  AB:8.6  BB:13.7  not BB:0.0  not AA:26.2 
null device 
          1 
character(0)
  [1] "11_21174" "11_20712" "11_10526" "11_11484" "11_21217" "11_10279"
  [7] "11_10686" "11_21126" "12_10905" "12_30277" "11_20594" "11_10326"
 [13] "11_10307" "11_21304" "11_10525" "12_30604" "12_31474" "12_11272"
 [19] "12_10485" "11_20734" "12_30178" "12_20489" "12_10859" "12_30900"
 [25] "11_10900" "11_20182" "12_31095" "12_30396" "11_20590" "11_21250"
 [31] "11_11380" "12_10181" "11_21453" "12_30102" "11_20252" "12_10571"
 [37] "12_30920" "11_20968" "12_30571" "11_11086" "11_10926" "11_11391"
 [43] "11_11141" "12_10122" "12_11154" "11_20851" "11_21266" "12_21376"
 [49] "11_20605" "11_11516" "12_30055" "11_10221" "11_20422" "11_21418"
 [55] "11_20777" "11_20114" "11_10793" "11_11114" "12_31536" "11_11004"
 [61] "11_10724" "11_11213" "12_30117" "11_20454" "12_30988" "11_20974"
 [67] "12_31138" "12_30006" "12_30976" "11_20206" "11_20845" "11_20236"
 [73] "11_11355" "11_21480" "11_11290" "11_10578" "11_20449" "11_20134"
 [79] "11_10705" "11_10783" "11_21241" "12_30635" "12_30833" "11_20545"
 [85] "12_30494" "12_31352" "11_10401" "12_30382" "11_10669" "11_10676"
 [91] "11_10994" "11_10427" "11_21281" "11_10270" "11_21069" "11_20904"
 [97] "11_20673" "12_31235" "11_20996" "11_20355" "11_10239" "11_21455"
[103] "12_30956" "12_31350" "12_11433" "12_31450" "12_10218" "12_10979"
[109] "12_10959" "12_10605" "12_30496" "11_10534" "11_20349" "12_30199"
[115] "11_10169" "12_10241" "12_30164" "11_11243" "11_21229" "12_30380"
[121] "12_31282" "11_21280" "11_21223" "11_10896" "11_20170"
$`11_10467`
[1] "12_30755"

$`11_21397`
[1] "11_10588"

$`11_10974`
[1] "11_21426"

$`12_30410`
[1] "11_20903" "11_20239"

$`11_20646`
[1] "11_11216"

$`11_20686`
[1] "11_10869"

$`12_31292`
[1] "11_21052"

null device 
          1 
null device 
          1 
