 --Read the following data:
	 24  individuals
	 56  markers
	 1  phenotypes
 --Cross type: f2 
null device 
          1 
 --Read the following data:
	 24  individuals
	 56  markers
	 1  phenotypes
 --Cross type: bcsft 
    BC(0)F(3) cross

    No. individuals:    24 

    No. phenotypes:     1 
    Percent phenotyped: 0 

    No. chromosomes:    7 
        Autosomes:      1H 2H 3H 4H 5H 6H 7H 

    Total markers:      56 
    No. markers:        3 10 5 11 11 5 11 
    Percent genotyped:  98.7 
    Genotypes (%):      AA:36.2  AB:23.4  BB:40.4  not BB:0.0  not AA:0.0 
null device 
          1 
character(0)
[1] "11_11405" "11_20119"
$`11_20712`
[1] "12_11498"

$`11_20734`
[1] "12_30178"

$`12_10447`
[1] "11_11380" "11_20293"

$`11_20968`
[1] "11_11086"

$`11_20358`
[1] "11_10588" "11_20384"

$`12_31094`
[1] "12_30929"

$`11_11111`
[1] "11_21112"

$`11_10025`
[1] "12_11477"

$`11_20349`
[1] "12_30199" "11_10303"

null device 
          1 
null device 
          1 
