 --Read the following data:
	 24  individuals
	 118  markers
	 1  phenotypes
 --Cross type: f2 
null device 
          1 
 --Read the following data:
	 24  individuals
	 118  markers
	 1  phenotypes
 --Cross type: bcsft 
    BC(0)F(3) cross

    No. individuals:    24 

    No. phenotypes:     1 
    Percent phenotyped: 0 

    No. chromosomes:    7 
        Autosomes:      1H 2H 3H 4H 5H 6H 7H 

    Total markers:      118 
    No. markers:        19 20 8 27 21 13 10 
    Percent genotyped:  98.6 
    Genotypes (%):      AA:40.6  AB:23.0  BB:29.6  not BB:0.0  not AA:6.9 
null device 
          1 
character(0)
[1] "12_10181" "12_10122" "12_11154" "12_30605" "11_20358" "11_20092"
$`11_21048`
[1] "12_11498" "12_10506"

$`12_30277`
[1] "12_11496" "11_20594"

$`12_31224`
[1] "12_30604"

$`11_10214`
[1] "11_21370"

$`12_30767`
[1] "11_20605"

$`12_30755`
[1] "11_10467"

$`11_10724`
[1] "11_20765"

$`11_21397`
[1] "11_10588"

$`11_20422`
[1] "12_30117"

$`12_31458`
[1] "11_20119"

$`11_20384`
[1] "11_20454"

$`11_10974`
[1] "11_21426"

$`12_30410`
[1] "11_20845"

$`11_11290`
[1] "11_10578"

$`11_21480`
[1] "11_11350"

$`11_20646`
[1] "11_11216"

$`12_30940`
[1] "11_11147"

$`12_10979`
[1] "11_21491"

null device 
          1 
null device 
          1 
