 --Read the following data:
	 24  individuals
	 109  markers
	 1  phenotypes
 --Cross type: f2 
null device 
          1 
 --Read the following data:
	 24  individuals
	 109  markers
	 1  phenotypes
 --Cross type: bcsft 
    BC(0)F(3) cross

    No. individuals:    24 

    No. phenotypes:     1 
    Percent phenotyped: 0 

    No. chromosomes:    7 
        Autosomes:      1H 2H 3H 4H 5H 6H 7H 

    Total markers:      109 
    No. markers:        10 14 11 14 22 21 17 
    Percent genotyped:  99.1 
    Genotypes (%):      AA:33.8  AB:26.9  BB:39.3  not BB:0.0  not AA:0.0 
null device 
          1 
character(0)
character(0)
$`11_20594`
[1] "11_20840"

$`12_30155`
[1] "12_31095"

$`12_10447`
[1] "11_21250" "11_11380" "11_20293"

$`11_20968`
[1] "12_30571"

$`11_20605`
[1] "11_11516"

$`11_10724`
[1] "11_20765"

$`11_21397`
[1] "11_10588"

$`11_21480`
[1] "11_11350"

$`11_20134`
[1] "12_30067"

$`12_31094`
[1] "12_30929"

$`11_20686`
[1] "11_10600"

$`12_30577`
[1] "12_31292" "11_10401"

$`11_11111`
[1] "11_21112"

$`12_31350`
[1] "12_30528"

$`12_31282`
[1] "11_10454"

null device 
          1 
null device 
          1 
