 --Read the following data:
	 24  individuals
	 55  markers
	 1  phenotypes
 --Cross type: f2 
null device 
          1 
 --Read the following data:
	 24  individuals
	 55  markers
	 1  phenotypes
 --Cross type: bcsft 
    BC(0)F(3) cross

    No. individuals:    24 

    No. phenotypes:     1 
    Percent phenotyped: 0 

    No. chromosomes:    7 
        Autosomes:      1H 2H 3H 4H 5H 6H 7H 

    Total markers:      55 
    No. markers:        5 7 1 14 9 17 2 
    Percent genotyped:  99.8 
    Genotypes (%):      AA:33.8  AB:25.0  BB:41.2  not BB:0.0  not AA:0.0 
null device 
          1 
character(0)
character(0)
$`11_21048`
[1] "12_10506"

$`11_10525`
[1] "12_20489" "11_20182"

$`12_30755`
[1] "11_10467"

$`11_11513`
[1] "11_10309"

$`12_30117`
[1] "11_20454"

$`11_20646`
[1] "11_11216"

$`12_31292`
[1] "11_21052" "12_10857"

$`12_10554`
[1] "11_20936"

$`12_30144`
[1] "11_11067"

$`11_11349`
[1] "11_11147"

null device 
          1 
null device 
          1 
