 --Read the following data:
	 24  individuals
	 95  markers
	 1  phenotypes
 --Cross type: f2 
null device 
          1 
 --Read the following data:
	 24  individuals
	 95  markers
	 1  phenotypes
 --Cross type: bcsft 
    BC(0)F(3) cross

    No. individuals:    24 

    No. phenotypes:     1 
    Percent phenotyped: 0 

    No. chromosomes:    7 
        Autosomes:      1H 2H 3H 4H 5H 6H 7H 

    Total markers:      95 
    No. markers:        12 24 2 17 21 17 2 
    Percent genotyped:  98.7 
    Genotypes (%):      AA:58.8  AB:11.4  BB:17.9  not BB:0.0  not AA:11.9 
null device 
          1 
character(0)
 [1] "12_31377" "11_20594" "12_11272" "12_30178" "12_20489" "12_10859"
 [7] "11_10214" "12_10447" "11_21250" "11_11380" "12_10181" "11_20293"
[13] "11_21453" "12_30102" "11_20159" "11_10793" "12_30755" "11_11513"
[19] "11_10467" "11_10309" "11_10523" "11_20119" "11_10688" "11_20845"
[25] "11_21480" "11_11290" "11_10578" "12_30067" "11_10705" "11_10783"
[31] "11_20545" "11_20646" "11_21521" "12_30144" "11_11067" "11_11111"
[37] "11_21112" "12_30956" "12_10218" "11_20092"
$`12_30900`
[1] "11_21370"

$`11_10460`
[1] "12_30540"

$`11_20422`
[1] "11_20777"

$`12_31458`
[1] "11_20358" "11_20384" "11_20454"

$`11_10974`
[1] "11_21426"

$`11_20903`
[1] "11_20239"

$`12_30577`
[1] "12_31352"

$`12_31308`
[1] "12_30751"

$`12_30940`
[1] "12_31235"

null device 
          1 
null device 
          1 
