 --Read the following data:
	 24  individuals
	 105  markers
	 1  phenotypes
 --Cross type: f2 
null device 
          1 
 --Read the following data:
	 24  individuals
	 105  markers
	 1  phenotypes
 --Cross type: bcsft 
    BC(0)F(3) cross

    No. individuals:    24 

    No. phenotypes:     1 
    Percent phenotyped: 0 

    No. chromosomes:    7 
        Autosomes:      1H 2H 3H 4H 5H 6H 7H 

    Total markers:      105 
    No. markers:        13 21 10 19 19 18 5 
    Percent genotyped:  99.6 
    Genotypes (%):      AA:37.1  AB:23.8  BB:39.1  not BB:0.0  not AA:0.0 
null device 
          1 
character(0)
[1] "11_20690"
$`12_11498`
[1] "12_10506"

$`11_20810`
[1] "11_21217" "12_10905"

$`11_21265`
[1] "11_21304"

$`12_30396`
[1] "12_30604"

$`11_10525`
[1] "11_20182"

$`12_20489`
[1] "12_31095"

$`11_20968`
[1] "12_30571"

$`12_21376`
[1] "12_30921"

$`11_10221`
[1] "11_20777"

$`11_10724`
[1] "11_11213" "11_20765"

$`11_21418`
[1] "12_30006"

$`11_20845`
[1] "11_20903" "11_20239"

$`11_11290`
[1] "11_10578"

$`11_20415`
[1] "11_10129"

$`11_21521`
[1] "12_30144" "11_11067" "11_20904"

$`11_10676`
[1] "11_20673"

$`11_11111`
[1] "12_30956"

$`12_31282`
[1] "11_10454"

null device 
          1 
null device 
          1 
