 --Read the following data:
	 24  individuals
	 122  markers
	 1  phenotypes
 --Cross type: f2 
null device 
          1 
 --Read the following data:
	 24  individuals
	 122  markers
	 1  phenotypes
 --Cross type: bcsft 
    BC(0)F(3) cross

    No. individuals:    24 

    No. phenotypes:     1 
    Percent phenotyped: 0 

    No. chromosomes:    7 
        Autosomes:      1H 2H 3H 4H 5H 6H 7H 

    Total markers:      122 
    No. markers:        15 21 10 16 25 18 17 
    Percent genotyped:  97 
    Genotypes (%):      AA:38.4  AB:25.5  BB:36.0  not BB:0.0  not AA:0.0 
null device 
          1 
[1] "12_10650"
[1] "11_20690"
$`11_21048`
[1] "12_10506"

$`12_10905`
[1] "11_21217"

$`12_20489`
[1] "11_20182"

$`12_10447`
[1] "11_21250"

$`11_10551`
[1] "11_11380"

$`11_10309`
[1] "11_11004"

$`11_20384`
[1] "11_20454"

$`12_30976`
[1] "12_31094" "12_30929"

$`11_20903`
[1] "11_20239"

$`11_11290`
[1] "11_10578"

$`11_20545`
[1] "12_31375"

$`12_31352`
[1] "11_10401"

$`11_10270`
[1] "11_10040" "11_20972"

$`11_20355`
[1] "11_10239"

$`11_20755`
[1] "12_10218"

$`12_31350`
[1] "12_30528"

null device 
          1 
null device 
          1 
