 --Read the following data:
	 24  individuals
	 101  markers
	 1  phenotypes
 --Cross type: f2 
null device 
          1 
 --Read the following data:
	 24  individuals
	 101  markers
	 1  phenotypes
 --Cross type: bcsft 
    BC(0)F(3) cross

    No. individuals:    24 

    No. phenotypes:     1 
    Percent phenotyped: 0 

    No. chromosomes:    7 
        Autosomes:      1H 2H 3H 4H 5H 6H 7H 

    Total markers:      101 
    No. markers:        7 19 10 13 23 19 10 
    Percent genotyped:  99.1 
    Genotypes (%):      AA:43.2  AB:22.2  BB:34.6  not BB:0.0  not AA:0.0 
null device 
          1 
character(0)
[1] "11_20690"
$`12_10636`
[1] "12_10905"

$`12_30948`
[1] "11_21038"

$`11_21265`
[1] "11_10214" "11_10398"

$`11_10525`
[1] "11_20182"

$`11_10780`
[1] "11_21220"

$`11_10326`
[1] "11_20590"

$`12_30223`
[1] "11_20944"

$`12_21376`
[1] "12_30921"

$`11_10724`
[1] "11_11213" "11_20765"

$`11_10208`
[1] "11_20974"

$`12_30976`
[1] "12_31094" "12_30929" "12_30635"

$`11_10974`
[1] "11_21426"

$`11_11350`
[1] "11_20134"

$`11_20545`
[1] "12_31375"

$`11_21202`
[1] "12_30577"

$`12_31308`
[1] "12_30751"

$`11_20972`
[1] "11_10040"

$`11_21521`
[1] "11_20714"

$`11_11111`
[1] "11_21112"

$`11_20755`
[1] "12_10218"

$`12_31282`
[1] "11_10454"

null device 
          1 
null device 
          1 
