 --Read the following data:
	 24  individuals
	 67  markers
	 1  phenotypes
 --Cross type: f2 
null device 
          1 
 --Read the following data:
	 24  individuals
	 67  markers
	 1  phenotypes
 --Cross type: bcsft 
    BC(0)F(3) cross

    No. individuals:    24 

    No. phenotypes:     1 
    Percent phenotyped: 0 

    No. chromosomes:    7 
        Autosomes:      1H 2H 3H 4H 5H 6H 7H 

    Total markers:      67 
    No. markers:        11 10 3 14 14 12 3 
    Percent genotyped:  94.6 
    Genotypes (%):      AA:36.4  AB:20.3  BB:43.3  not BB:0.0  not AA:0.0 
null device 
          1 
[1] "12_30788"
[1] "11_21521" "11_10003" "12_30144" "11_11067"
$`11_21048`
[1] "12_10506"

$`11_20642`
[1] "12_30742"

$`12_30043`
[1] "12_31377"

$`11_10780`
[1] "11_10065"

$`12_30755`
[1] "11_10467"

$`11_21397`
[1] "11_10588"

$`11_20384`
[1] "11_20454"

$`11_20367`
[1] "11_20449"

$`11_20646`
[1] "11_11216"

$`11_21202`
[1] "12_30577" "12_31352"

null device 
          1 
null device 
          1 
