 --Read the following data:
	 24  individuals
	 124  markers
	 1  phenotypes
 --Cross type: f2 
null device 
          1 
 --Read the following data:
	 24  individuals
	 124  markers
	 1  phenotypes
 --Cross type: bcsft 
    BC(0)F(3) cross

    No. individuals:    24 

    No. phenotypes:     1 
    Percent phenotyped: 0 

    No. chromosomes:    8 
        Autosomes:      0 1H 2H 3H 4H 5H 6H 7H 

    Total markers:      124 
    No. markers:        1 17 16 7 17 35 15 16 
    Percent genotyped:  99.6 
    Genotypes (%):      AA:35.7  AB:25.0  BB:39.2  not BB:0.0  not AA:0.0 
null device 
          1 
character(0)
character(0)
$`12_30948`
[1] "11_10760" "11_10075"

$`11_21048`
[1] "12_10506"

$`12_10636`
[1] "11_20810" "11_21217"

$`11_10326`
[1] "12_30396"

$`11_21250`
[1] "11_20293"

$`12_10571`
[1] "11_21266"

$`12_31458`
[1] "11_21397"

$`12_30755`
[1] "11_10467"

$`12_30976`
[1] "11_11381" "12_31094" "12_30929"

$`11_10974`
[1] "11_21426"

$`11_20903`
[1] "11_20239"

$`11_21480`
[1] "11_11350"

$`11_20134`
[1] "12_30067"

$`12_30833`
[1] "12_30759"

$`11_20686`
[1] "12_11450"

$`12_30577`
[1] "12_31352" "11_21052"

$`12_31292`
[1] "12_10857"

$`12_31308`
[1] "12_30751"

$`11_10270`
[1] "11_10040"

$`11_10239`
[1] "11_20355"

$`12_31450`
[1] "12_30496"

$`12_31491`
[1] "11_21223"

null device 
          1 
null device 
          1 
