 --Read the following data:
	 24  individuals
	 116  markers
	 1  phenotypes
 --Cross type: f2 
null device 
          1 
 --Read the following data:
	 24  individuals
	 116  markers
	 1  phenotypes
 --Cross type: bcsft 
    BC(0)F(3) cross

    No. individuals:    24 

    No. phenotypes:     1 
    Percent phenotyped: 0 

    No. chromosomes:    7 
        Autosomes:      1H 2H 3H 4H 5H 6H 7H 

    Total markers:      116 
    No. markers:        23 20 4 14 19 17 19 
    Percent genotyped:  98.1 
    Genotypes (%):      AA:39.3  AB:24.8  BB:35.6  not BB:0.0  not AA:0.2 
null device 
          1 
[1] "11_20119"
[1] "12_11433"
$`12_10636`
[1] "11_20220" "12_10905"

$`12_30277`
[1] "12_11496"

$`11_20895`
[1] "11_21377"

$`11_20734`
[1] "12_30178"

$`11_21265`
[1] "11_21370"

$`11_10780`
[1] "11_10109"

$`12_30604`
[1] "11_20590"

$`11_10551`
[1] "12_10447" "11_21250" "11_11380"

$`11_11114`
[1] "11_10639"

$`11_10309`
[1] "11_11004"

$`11_11290`
[1] "11_10578"

$`11_21480`
[1] "11_11350" "11_20134" "12_30067"

$`11_20646`
[1] "11_11216"

$`11_10669`
[1] "11_10676"

$`11_20415`
[1] "12_30361"

$`11_11349`
[1] "11_11147"

$`11_20192`
[1] "12_10605"

null device 
          1 
null device 
          1 
