 --Read the following data:
	 24  individuals
	 91  markers
	 1  phenotypes
 --Cross type: f2 
null device 
          1 
 --Read the following data:
	 24  individuals
	 91  markers
	 1  phenotypes
 --Cross type: bcsft 
    BC(0)F(3) cross

    No. individuals:    24 

    No. phenotypes:     1 
    Percent phenotyped: 0 

    No. chromosomes:    7 
        Autosomes:      1H 2H 3H 4H 5H 6H 7H 

    Total markers:      91 
    No. markers:        12 11 3 14 18 18 15 
    Percent genotyped:  99 
    Genotypes (%):      AA:37.0  AB:28.0  BB:35.0  not BB:0.0  not AA:0.0 
null device 
          1 
character(0)
character(0)
$`11_20712`
[1] "11_21048" "12_11498"

$`11_10760`
[1] "11_10075"

$`11_20220`
[1] "11_20021"

$`11_20810`
[1] "12_10905"

$`12_20489`
[1] "12_30155" "12_31095"

$`12_30117`
[1] "11_20454"

$`11_20236`
[1] "12_30979"

$`12_30410`
[1] "11_20845"

$`11_21480`
[1] "11_11350"

$`11_20134`
[1] "12_30067"

$`11_10669`
[1] "11_10676" "11_20714" "11_20673"

$`12_31308`
[1] "12_30751"

$`12_30144`
[1] "11_11067"

$`12_31350`
[1] "12_30528"

$`11_20192`
[1] "12_10605"

null device 
          1 
null device 
          1 
