 --Read the following data:
	 24  individuals
	 105  markers
	 1  phenotypes
 --Cross type: f2 
null device 
          1 
 --Read the following data:
	 24  individuals
	 105  markers
	 1  phenotypes
 --Cross type: bcsft 
    BC(0)F(3) cross

    No. individuals:    24 

    No. phenotypes:     1 
    Percent phenotyped: 0 

    No. chromosomes:    7 
        Autosomes:      1H 2H 3H 4H 5H 6H 7H 

    Total markers:      105 
    No. markers:        16 17 7 12 20 12 21 
    Percent genotyped:  98.8 
    Genotypes (%):      AA:35.7  AB:23.1  BB:41.2  not BB:0.0  not AA:0.0 
null device 
          1 
character(0)
[1] "11_20690"
$`11_21174`
[1] "12_30043"

$`11_10760`
[1] "11_10075"

$`12_10636`
[1] "11_20810" "11_21217"

$`11_10780`
[1] "11_21220"

$`11_20590`
[1] "11_10551" "12_10447" "11_21250" "11_11380" "12_10181"

$`11_20742`
[1] "12_30921"

$`11_10208`
[1] "11_11405"

$`12_31458`
[1] "11_20358" "11_20384" "11_20119"

$`11_20903`
[1] "11_20239"

$`11_21480`
[1] "11_11350"

$`12_31094`
[1] "12_30929"

$`11_20545`
[1] "12_31375"

$`11_20686`
[1] "12_11450"

$`11_20415`
[1] "11_10129"

$`11_21281`
[1] "11_10539"

$`11_20656`
[1] "12_30144" "11_11067"

$`11_20192`
[1] "12_10605"

$`11_20349`
[1] "12_30199" "11_10303"

null device 
          1 
null device 
          1 
