 --Read the following data:
	 23  individuals
	 43  markers
	 1  phenotypes
 --Cross type: f2 
null device 
          1 
 --Read the following data:
	 23  individuals
	 43  markers
	 1  phenotypes
 --Cross type: bcsft 
    BC(0)F(3) cross

    No. individuals:    23 

    No. phenotypes:     1 
    Percent phenotyped: 0 

    No. chromosomes:    7 
        Autosomes:      1H 2H 3H 4H 5H 6H 7H 

    Total markers:      43 
    No. markers:        4 7 5 10 5 10 2 
    Percent genotyped:  97.6 
    Genotypes (%):      AA:30.2  AB:24.4  BB:45.5  not BB:0.0  not AA:0.0 
null device 
          1 
character(0)
[1] "12_30298" "11_20690" "12_30979"
$`11_20594`
[1] "11_20840"

$`12_30155`
[1] "12_10485"

$`11_20968`
[1] "12_30571"

$`11_20454`
[1] "12_30117"

$`11_10208`
[1] "11_20974"

null device 
          1 
null device 
          1 
