 --Read the following data:
	 24  individuals
	 106  markers
	 1  phenotypes
 --Cross type: f2 
null device 
          1 
 --Read the following data:
	 24  individuals
	 106  markers
	 1  phenotypes
 --Cross type: bcsft 
    BC(0)F(3) cross

    No. individuals:    24 

    No. phenotypes:     1 
    Percent phenotyped: 0 

    No. chromosomes:    7 
        Autosomes:      1H 2H 3H 4H 5H 6H 7H 

    Total markers:      106 
    No. markers:        15 17 5 10 31 20 8 
    Percent genotyped:  99.5 
    Genotypes (%):      AA:43.8  AB:25.0  BB:31.1  not BB:0.0  not AA:0.0 
null device 
          1 
character(0)
character(0)
$`12_10636`
[1] "11_20810"

$`12_30043`
[1] "12_31377"

$`11_21265`
[1] "11_10398"

$`11_10525`
[1] "11_20182" "12_31095"

$`11_10780`
[1] "11_21220" "11_10065"

$`11_20252`
[1] "12_10571"

$`12_30976`
[1] "12_31094" "12_30929"

$`11_20903`
[1] "11_20239"

$`11_11290`
[1] "11_10578"

$`11_20134`
[1] "12_30067"

$`11_20686`
[1] "11_10869" "12_11450"

$`12_30577`
[1] "12_31352"

$`11_10669`
[1] "11_10676"

$`12_30940`
[1] "11_11147" "12_31235"

$`11_10040`
[1] "11_20972"

$`11_10454`
[1] "11_21223" "11_10896"

null device 
          1 
null device 
          1 
