 --Read the following data:
	 24  individuals
	 79  markers
	 1  phenotypes
 --Cross type: f2 
null device 
          1 
 --Read the following data:
	 24  individuals
	 79  markers
	 1  phenotypes
 --Cross type: bcsft 
    BC(0)F(3) cross

    No. individuals:    24 

    No. phenotypes:     1 
    Percent phenotyped: 0 

    No. chromosomes:    7 
        Autosomes:      1H 2H 3H 4H 5H 6H 7H 

    Total markers:      79 
    No. markers:        6 6 16 12 13 14 12 
    Percent genotyped:  99.8 
    Genotypes (%):      AA:37.2  AB:29.4  BB:33.5  not BB:0.0  not AA:0.0 
null device 
          1 
character(0)
character(0)
$`12_10636`
[1] "12_10905"

$`12_30948`
[1] "11_21038"

$`12_30767`
[1] "11_20605"

$`12_31313`
[1] "11_10724" "11_11213" "11_20765" "11_10588"

$`11_10974`
[1] "11_21426"

$`11_20134`
[1] "12_30067"

$`12_31308`
[1] "12_30751"

$`11_10676`
[1] "11_20673"

$`12_30940`
[1] "11_11147"

$`11_20192`
[1] "12_10605"

null device 
          1 
null device 
          1 
