 --Read the following data:
	 24  individuals
	 44  markers
	 1  phenotypes
 --Cross type: f2 
null device 
          1 
 --Read the following data:
	 24  individuals
	 44  markers
	 1  phenotypes
 --Cross type: bcsft 
    BC(0)F(3) cross

    No. individuals:    24 

    No. phenotypes:     1 
    Percent phenotyped: 0 

    No. chromosomes:    5 
        Autosomes:      1H 2H 3H 5H 6H 

    Total markers:      44 
    No. markers:        9 12 1 11 11 
    Percent genotyped:  97.9 
    Genotypes (%):      AA:35.7  AB:24.9  BB:39.1  not BB:0.4  not AA:0.0 
null device 
          1 
character(0)
[1] "11_20642" "12_20489"
$`12_30900`
[1] "11_21370"

$`11_10974`
[1] "11_21426"

$`11_20903`
[1] "11_20239"

$`12_30577`
[1] "12_31352"

$`12_31308`
[1] "12_30751"

$`12_30940`
[1] "12_31235"

null device 
          1 
null device 
          1 
