 --Read the following data:
	 24  individuals
	 97  markers
	 1  phenotypes
 --Cross type: f2 
null device 
          1 
 --Read the following data:
	 24  individuals
	 97  markers
	 1  phenotypes
 --Cross type: bcsft 
    BC(0)F(3) cross

    No. individuals:    24 

    No. phenotypes:     1 
    Percent phenotyped: 0 

    No. chromosomes:    7 
        Autosomes:      1H 2H 3H 4H 5H 6H 7H 

    Total markers:      97 
    No. markers:        18 18 5 5 20 15 16 
    Percent genotyped:  98.9 
    Genotypes (%):      AA:35.0  AB:24.6  BB:40.4  not BB:0.0  not AA:0.0 
null device 
          1 
character(0)
[1] "11_21338"
$`11_20712`
[1] "11_21048" "12_11498" "12_10506"

$`12_10636`
[1] "11_20810" "11_21217"

$`11_21304`
[1] "11_10525" "11_20182"

$`12_20489`
[1] "12_31095"

$`11_10780`
[1] "11_10109"

$`12_10447`
[1] "11_21250" "11_11380"

$`11_20236`
[1] "12_30979"

$`11_20903`
[1] "11_20239"

$`11_20134`
[1] "12_30067"

$`11_20646`
[1] "11_11216"

$`11_20673`
[1] "11_10676" "11_11349"

$`12_31308`
[1] "12_30751" "11_20656"

$`11_11111`
[1] "11_21112"

$`12_11477`
[1] "11_10534" "12_30199"

$`12_31282`
[1] "11_10454"

null device 
          1 
null device 
          1 
