 --Read the following data:
	 24  individuals
	 70  markers
	 1  phenotypes
 --Cross type: f2 
null device 
          1 
 --Read the following data:
	 24  individuals
	 70  markers
	 1  phenotypes
 --Cross type: bcsft 
    BC(0)F(3) cross

    No. individuals:    24 

    No. phenotypes:     1 
    Percent phenotyped: 0 

    No. chromosomes:    8 
        Autosomes:      0 1H 2H 3H 4H 5H 6H 7H 

    Total markers:      70 
    No. markers:        1 1 18 4 13 13 6 14 
    Percent genotyped:  97.6 
    Genotypes (%):      AA:36.5  AB:25.7  BB:37.6  not BB:0.2  not AA:0.0 
null device 
          1 
[1] "11_11490"
character(0)
$`12_30155`
[1] "11_10525" "12_20489" "12_31095"

$`11_10065`
[1] "11_21220"

$`11_10221`
[1] "11_20777"

$`11_21397`
[1] "11_10588"

$`11_20545`
[1] "12_30566"

$`11_10669`
[1] "11_20714"

$`12_31450`
[1] "12_30496"

$`12_10241`
[1] "12_30164"

null device 
          1 
null device 
          1 
