
@----------------------------------------------------------@
|        PLINK!       |     v1.07      |   10/Aug/2009     |
|----------------------------------------------------------|
|  (C) 2009 Shaun Purcell, GNU General Public License, v2  |
|----------------------------------------------------------|
|  For documentation, citation & bug-report instructions:  |
|        http://pngu.mgh.harvard.edu/purcell/plink/        |
@----------------------------------------------------------@

Web-based version check ( --noweb to skip )
Recent cached web-check found... OK, v1.07 is current

+++ PLINK 1.9 is now available! See above website for details +++ 

Writing this text to log file [ MS12_2103.log ]
Analysis started: Fri Jun 10 10:46:43 2016

Options in effect:
	--bfile plink
	--recode
	--tab
	--out MS12_2103

Reading map (extended format) from [ plink.bim ] 
92 markers to be included from [ plink.bim ]
Reading pedigree information from [ plink.fam ] 
24 individuals read from [ plink.fam ] 
0 individuals with nonmissing phenotypes
Assuming a disease phenotype (1=unaff, 2=aff, 0=miss)
Missing phenotype value is also -9
0 cases, 0 controls and 24 missing
0 males, 0 females, and 24 of unspecified sex
Warning, found 24 individuals with ambiguous sex codes
Writing list of these individuals to [ MS12_2103.nosex ]
Reading genotype bitfile from [ plink.bed ] 
Detected that binary PED file is v1.00 SNP-major mode
Before frequency and genotyping pruning, there are 92 SNPs
24 founders and 0 non-founders found
Total genotyping rate in remaining individuals is 0.996377
0 SNPs failed missingness test ( GENO > 1 )
0 SNPs failed frequency test ( MAF < 0 )
After frequency and genotyping pruning, there are 92 SNPs
After filtering, 0 cases, 0 controls and 24 missing
After filtering, 0 males, 0 females, and 24 of unspecified sex
Writing recoded ped file to [ MS12_2103.ped ] 
Writing new map file to [ MS12_2103.map ] 

Analysis finished: Fri Jun 10 10:46:43 2016

